KPI_K2_SCAR_WEIGHTS lessons=0 max_abs_delta=0.000000000e0 mean_abs_delta=0.000000000e0 changed_edges=0 total_edges=567
Lessons: 0, Max Scar Weight: 0.000000000e0
    Pattern Bhupura: Recall Error = 3.000000
    Pattern Lotus: Recall Error = 3.000000
KPI_K2 lesson=0 noise=0.100 avg_recall_err=3.000000 baseline_recall_err=3.000000 uplift=0.000000 scar_max=0.000000
    Pattern Bhupura: Recall Error = 3.000000
    Pattern Lotus: Recall Error = 3.000000
KPI_K2 lesson=0 noise=0.200 avg_recall_err=3.000000 baseline_recall_err=3.000000 uplift=0.000000 scar_max=0.000000
KPI_K2_LESSON lessons=0 eta=0.2000 duration_sec=9.526 evals_per_sec=0.210
KPI_K2_SCAR_WEIGHTS lessons=3 max_abs_delta=1.200000000e0 mean_abs_delta=1.200000000e0 changed_edges=567 total_edges=567
Lessons: 3, Max Scar Weight: 1.200000000e0
    Pattern Bhupura: Recall Error = 0.000000
    Pattern Lotus: Recall Error = 0.000000
KPI_K2 lesson=3 noise=0.100 avg_recall_err=0.000000 baseline_recall_err=3.000000 uplift=3.000000 scar_max=1.200000
    Pattern Bhupura: Recall Error = 0.000000
    Pattern Lotus: Recall Error = 0.000000
KPI_K2 lesson=3 noise=0.200 avg_recall_err=0.000000 baseline_recall_err=3.000000 uplift=3.000000 scar_max=1.200000
KPI_K2_LESSON lessons=3 eta=0.2000 duration_sec=16.881 evals_per_sec=0.118
KPI_K2_SUMMARY duration_sec=26.420 max_scar_weight=1.200000 best_uplift=3.000000
[K2] Written: artifacts/k2_summary.json
iter=1 k2_summary=fccbdf3d776c1a77dd5e50486e9ddfb427bf11840b082cebbfa9115aa300e60d
KPI_K2_SCAR_WEIGHTS lessons=0 max_abs_delta=0.000000000e0 mean_abs_delta=0.000000000e0 changed_edges=0 total_edges=567
Lessons: 0, Max Scar Weight: 0.000000000e0
    Pattern Bhupura: Recall Error = 3.000000
    Pattern Lotus: Recall Error = 3.000000
KPI_K2 lesson=0 noise=0.100 avg_recall_err=3.000000 baseline_recall_err=3.000000 uplift=0.000000 scar_max=0.000000
    Pattern Bhupura: Recall Error = 3.000000
    Pattern Lotus: Recall Error = 3.000000
KPI_K2 lesson=0 noise=0.200 avg_recall_err=3.000000 baseline_recall_err=3.000000 uplift=0.000000 scar_max=0.000000
KPI_K2_LESSON lessons=0 eta=0.2000 duration_sec=8.972 evals_per_sec=0.223
KPI_K2_SCAR_WEIGHTS lessons=3 max_abs_delta=1.200000000e0 mean_abs_delta=1.200000000e0 changed_edges=567 total_edges=567
Lessons: 3, Max Scar Weight: 1.200000000e0
    Pattern Bhupura: Recall Error = 0.000000
    Pattern Lotus: Recall Error = 0.000000
KPI_K2 lesson=3 noise=0.100 avg_recall_err=0.000000 baseline_recall_err=3.000000 uplift=3.000000 scar_max=1.200000
    Pattern Bhupura: Recall Error = 0.000000
    Pattern Lotus: Recall Error = 0.000000
KPI_K2 lesson=3 noise=0.200 avg_recall_err=0.000000 baseline_recall_err=3.000000 uplift=3.000000 scar_max=1.200000
KPI_K2_LESSON lessons=3 eta=0.2000 duration_sec=16.407 evals_per_sec=0.122
KPI_K2_SUMMARY duration_sec=25.391 max_scar_weight=1.200000 best_uplift=3.000000
[K2] Written: artifacts/k2_summary.json
iter=2 k2_summary=fccbdf3d776c1a77dd5e50486e9ddfb427bf11840b082cebbfa9115aa300e60d
KPI_K2_SCAR_WEIGHTS lessons=0 max_abs_delta=0.000000000e0 mean_abs_delta=0.000000000e0 changed_edges=0 total_edges=567
Lessons: 0, Max Scar Weight: 0.000000000e0
    Pattern Bhupura: Recall Error = 3.000000
    Pattern Lotus: Recall Error = 3.000000
KPI_K2 lesson=0 noise=0.100 avg_recall_err=3.000000 baseline_recall_err=3.000000 uplift=0.000000 scar_max=0.000000
    Pattern Bhupura: Recall Error = 3.000000
    Pattern Lotus: Recall Error = 3.000000
KPI_K2 lesson=0 noise=0.200 avg_recall_err=3.000000 baseline_recall_err=3.000000 uplift=0.000000 scar_max=0.000000
KPI_K2_LESSON lessons=0 eta=0.2000 duration_sec=9.153 evals_per_sec=0.219
KPI_K2_SCAR_WEIGHTS lessons=3 max_abs_delta=1.200000000e0 mean_abs_delta=1.200000000e0 changed_edges=567 total_edges=567
Lessons: 3, Max Scar Weight: 1.200000000e0
    Pattern Bhupura: Recall Error = 0.000000
    Pattern Lotus: Recall Error = 0.000000
KPI_K2 lesson=3 noise=0.100 avg_recall_err=0.000000 baseline_recall_err=3.000000 uplift=3.000000 scar_max=1.200000
    Pattern Bhupura: Recall Error = 0.000000
    Pattern Lotus: Recall Error = 0.000000
KPI_K2 lesson=3 noise=0.200 avg_recall_err=0.000000 baseline_recall_err=3.000000 uplift=3.000000 scar_max=1.200000
KPI_K2_LESSON lessons=3 eta=0.2000 duration_sec=16.673 evals_per_sec=0.120
KPI_K2_SUMMARY duration_sec=25.841 max_scar_weight=1.200000 best_uplift=3.000000
[K2] Written: artifacts/k2_summary.json
iter=3 k2_summary=fccbdf3d776c1a77dd5e50486e9ddfb427bf11840b082cebbfa9115aa300e60d
KPI_K2_SCAR_WEIGHTS lessons=0 max_abs_delta=0.000000000e0 mean_abs_delta=0.000000000e0 changed_edges=0 total_edges=567
Lessons: 0, Max Scar Weight: 0.000000000e0
    Pattern Bhupura: Recall Error = 3.000000
    Pattern Lotus: Recall Error = 3.000000
KPI_K2 lesson=0 noise=0.100 avg_recall_err=3.000000 baseline_recall_err=3.000000 uplift=0.000000 scar_max=0.000000
    Pattern Bhupura: Recall Error = 3.000000
    Pattern Lotus: Recall Error = 3.000000
KPI_K2 lesson=0 noise=0.200 avg_recall_err=3.000000 baseline_recall_err=3.000000 uplift=0.000000 scar_max=0.000000
KPI_K2_LESSON lessons=0 eta=0.2000 duration_sec=8.885 evals_per_sec=0.225
KPI_K2_SCAR_WEIGHTS lessons=3 max_abs_delta=1.200000000e0 mean_abs_delta=1.200000000e0 changed_edges=567 total_edges=567
Lessons: 3, Max Scar Weight: 1.200000000e0
    Pattern Bhupura: Recall Error = 0.000000
    Pattern Lotus: Recall Error = 0.000000
KPI_K2 lesson=3 noise=0.100 avg_recall_err=0.000000 baseline_recall_err=3.000000 uplift=3.000000 scar_max=1.200000
    Pattern Bhupura: Recall Error = 0.000000
    Pattern Lotus: Recall Error = 0.000000
KPI_K2 lesson=3 noise=0.200 avg_recall_err=0.000000 baseline_recall_err=3.000000 uplift=3.000000 scar_max=1.200000
KPI_K2_LESSON lessons=3 eta=0.2000 duration_sec=16.467 evals_per_sec=0.121
KPI_K2_SUMMARY duration_sec=25.365 max_scar_weight=1.200000 best_uplift=3.000000
[K2] Written: artifacts/k2_summary.json
iter=4 k2_summary=fccbdf3d776c1a77dd5e50486e9ddfb427bf11840b082cebbfa9115aa300e60d
KPI_K2_SCAR_WEIGHTS lessons=0 max_abs_delta=0.000000000e0 mean_abs_delta=0.000000000e0 changed_edges=0 total_edges=567
Lessons: 0, Max Scar Weight: 0.000000000e0
    Pattern Bhupura: Recall Error = 3.000000
    Pattern Lotus: Recall Error = 3.000000
KPI_K2 lesson=0 noise=0.100 avg_recall_err=3.000000 baseline_recall_err=3.000000 uplift=0.000000 scar_max=0.000000
    Pattern Bhupura: Recall Error = 3.000000
    Pattern Lotus: Recall Error = 3.000000
KPI_K2 lesson=0 noise=0.200 avg_recall_err=3.000000 baseline_recall_err=3.000000 uplift=0.000000 scar_max=0.000000
KPI_K2_LESSON lessons=0 eta=0.2000 duration_sec=9.142 evals_per_sec=0.219
KPI_K2_SCAR_WEIGHTS lessons=3 max_abs_delta=1.200000000e0 mean_abs_delta=1.200000000e0 changed_edges=567 total_edges=567
Lessons: 3, Max Scar Weight: 1.200000000e0
    Pattern Bhupura: Recall Error = 0.000000
    Pattern Lotus: Recall Error = 0.000000
KPI_K2 lesson=3 noise=0.100 avg_recall_err=0.000000 baseline_recall_err=3.000000 uplift=3.000000 scar_max=1.200000
    Pattern Bhupura: Recall Error = 0.000000
    Pattern Lotus: Recall Error = 0.000000
KPI_K2 lesson=3 noise=0.200 avg_recall_err=0.000000 baseline_recall_err=3.000000 uplift=3.000000 scar_max=1.200000
KPI_K2_LESSON lessons=3 eta=0.2000 duration_sec=16.421 evals_per_sec=0.122
KPI_K2_SUMMARY duration_sec=25.577 max_scar_weight=1.200000 best_uplift=3.000000
[K2] Written: artifacts/k2_summary.json
iter=5 k2_summary=fccbdf3d776c1a77dd5e50486e9ddfb427bf11840b082cebbfa9115aa300e60d
KPI_K2_SCAR_WEIGHTS lessons=0 max_abs_delta=0.000000000e0 mean_abs_delta=0.000000000e0 changed_edges=0 total_edges=567
Lessons: 0, Max Scar Weight: 0.000000000e0
    Pattern Bhupura: Recall Error = 3.000000
    Pattern Lotus: Recall Error = 3.000000
KPI_K2 lesson=0 noise=0.100 avg_recall_err=3.000000 baseline_recall_err=3.000000 uplift=0.000000 scar_max=0.000000
    Pattern Bhupura: Recall Error = 3.000000
    Pattern Lotus: Recall Error = 3.000000
KPI_K2 lesson=0 noise=0.200 avg_recall_err=3.000000 baseline_recall_err=3.000000 uplift=0.000000 scar_max=0.000000
KPI_K2_LESSON lessons=0 eta=0.2000 duration_sec=8.992 evals_per_sec=0.222
KPI_K2_SCAR_WEIGHTS lessons=3 max_abs_delta=1.200000000e0 mean_abs_delta=1.200000000e0 changed_edges=567 total_edges=567
Lessons: 3, Max Scar Weight: 1.200000000e0
    Pattern Bhupura: Recall Error = 0.000000
    Pattern Lotus: Recall Error = 0.000000
KPI_K2 lesson=3 noise=0.100 avg_recall_err=0.000000 baseline_recall_err=3.000000 uplift=3.000000 scar_max=1.200000
    Pattern Bhupura: Recall Error = 0.000000
    Pattern Lotus: Recall Error = 0.000000
KPI_K2 lesson=3 noise=0.200 avg_recall_err=0.000000 baseline_recall_err=3.000000 uplift=3.000000 scar_max=1.200000
KPI_K2_LESSON lessons=3 eta=0.2000 duration_sec=19.367 evals_per_sec=0.103
KPI_K2_SUMMARY duration_sec=28.374 max_scar_weight=1.200000 best_uplift=3.000000
[K2] Written: artifacts/k2_summary.json
iter=6 k2_summary=fccbdf3d776c1a77dd5e50486e9ddfb427bf11840b082cebbfa9115aa300e60d
KPI_K2_SCAR_WEIGHTS lessons=0 max_abs_delta=0.000000000e0 mean_abs_delta=0.000000000e0 changed_edges=0 total_edges=567
Lessons: 0, Max Scar Weight: 0.000000000e0
    Pattern Bhupura: Recall Error = 3.000000
    Pattern Lotus: Recall Error = 3.000000
KPI_K2 lesson=0 noise=0.100 avg_recall_err=3.000000 baseline_recall_err=3.000000 uplift=0.000000 scar_max=0.000000
    Pattern Bhupura: Recall Error = 3.000000
    Pattern Lotus: Recall Error = 3.000000
KPI_K2 lesson=0 noise=0.200 avg_recall_err=3.000000 baseline_recall_err=3.000000 uplift=0.000000 scar_max=0.000000
KPI_K2_LESSON lessons=0 eta=0.2000 duration_sec=10.822 evals_per_sec=0.185
KPI_K2_SCAR_WEIGHTS lessons=3 max_abs_delta=1.200000000e0 mean_abs_delta=1.200000000e0 changed_edges=567 total_edges=567
Lessons: 3, Max Scar Weight: 1.200000000e0
    Pattern Bhupura: Recall Error = 0.000000
    Pattern Lotus: Recall Error = 0.000000
KPI_K2 lesson=3 noise=0.100 avg_recall_err=0.000000 baseline_recall_err=3.000000 uplift=3.000000 scar_max=1.200000
    Pattern Bhupura: Recall Error = 0.000000
    Pattern Lotus: Recall Error = 0.000000
KPI_K2 lesson=3 noise=0.200 avg_recall_err=0.000000 baseline_recall_err=3.000000 uplift=3.000000 scar_max=1.200000
KPI_K2_LESSON lessons=3 eta=0.2000 duration_sec=20.342 evals_per_sec=0.098
KPI_K2_SUMMARY duration_sec=31.183 max_scar_weight=1.200000 best_uplift=3.000000
[K2] Written: artifacts/k2_summary.json
iter=7 k2_summary=fccbdf3d776c1a77dd5e50486e9ddfb427bf11840b082cebbfa9115aa300e60d
KPI_K2_SCAR_WEIGHTS lessons=0 max_abs_delta=0.000000000e0 mean_abs_delta=0.000000000e0 changed_edges=0 total_edges=567
Lessons: 0, Max Scar Weight: 0.000000000e0
    Pattern Bhupura: Recall Error = 3.000000
    Pattern Lotus: Recall Error = 3.000000
KPI_K2 lesson=0 noise=0.100 avg_recall_err=3.000000 baseline_recall_err=3.000000 uplift=0.000000 scar_max=0.000000
    Pattern Bhupura: Recall Error = 3.000000
    Pattern Lotus: Recall Error = 3.000000
KPI_K2 lesson=0 noise=0.200 avg_recall_err=3.000000 baseline_recall_err=3.000000 uplift=0.000000 scar_max=0.000000
KPI_K2_LESSON lessons=0 eta=0.2000 duration_sec=10.934 evals_per_sec=0.183
KPI_K2_SCAR_WEIGHTS lessons=3 max_abs_delta=1.200000000e0 mean_abs_delta=1.200000000e0 changed_edges=567 total_edges=567
Lessons: 3, Max Scar Weight: 1.200000000e0
    Pattern Bhupura: Recall Error = 0.000000
    Pattern Lotus: Recall Error = 0.000000
KPI_K2 lesson=3 noise=0.100 avg_recall_err=0.000000 baseline_recall_err=3.000000 uplift=3.000000 scar_max=1.200000
    Pattern Bhupura: Recall Error = 0.000000
    Pattern Lotus: Recall Error = 0.000000
KPI_K2 lesson=3 noise=0.200 avg_recall_err=0.000000 baseline_recall_err=3.000000 uplift=3.000000 scar_max=1.200000
KPI_K2_LESSON lessons=3 eta=0.2000 duration_sec=19.889 evals_per_sec=0.101
KPI_K2_SUMMARY duration_sec=30.837 max_scar_weight=1.200000 best_uplift=3.000000
[K2] Written: artifacts/k2_summary.json
iter=8 k2_summary=fccbdf3d776c1a77dd5e50486e9ddfb427bf11840b082cebbfa9115aa300e60d
KPI_K2_SCAR_WEIGHTS lessons=0 max_abs_delta=0.000000000e0 mean_abs_delta=0.000000000e0 changed_edges=0 total_edges=567
Lessons: 0, Max Scar Weight: 0.000000000e0
    Pattern Bhupura: Recall Error = 3.000000
    Pattern Lotus: Recall Error = 3.000000
KPI_K2 lesson=0 noise=0.100 avg_recall_err=3.000000 baseline_recall_err=3.000000 uplift=0.000000 scar_max=0.000000
    Pattern Bhupura: Recall Error = 3.000000
    Pattern Lotus: Recall Error = 3.000000
KPI_K2 lesson=0 noise=0.200 avg_recall_err=3.000000 baseline_recall_err=3.000000 uplift=0.000000 scar_max=0.000000
KPI_K2_LESSON lessons=0 eta=0.2000 duration_sec=10.941 evals_per_sec=0.183
KPI_K2_SCAR_WEIGHTS lessons=3 max_abs_delta=1.200000000e0 mean_abs_delta=1.200000000e0 changed_edges=567 total_edges=567
Lessons: 3, Max Scar Weight: 1.200000000e0
    Pattern Bhupura: Recall Error = 0.000000
    Pattern Lotus: Recall Error = 0.000000
KPI_K2 lesson=3 noise=0.100 avg_recall_err=0.000000 baseline_recall_err=3.000000 uplift=3.000000 scar_max=1.200000
    Pattern Bhupura: Recall Error = 0.000000
    Pattern Lotus: Recall Error = 0.000000
KPI_K2 lesson=3 noise=0.200 avg_recall_err=0.000000 baseline_recall_err=3.000000 uplift=3.000000 scar_max=1.200000
KPI_K2_LESSON lessons=3 eta=0.2000 duration_sec=20.079 evals_per_sec=0.100
KPI_K2_SUMMARY duration_sec=31.037 max_scar_weight=1.200000 best_uplift=3.000000
[K2] Written: artifacts/k2_summary.json
iter=9 k2_summary=fccbdf3d776c1a77dd5e50486e9ddfb427bf11840b082cebbfa9115aa300e60d
KPI_K2_SCAR_WEIGHTS lessons=0 max_abs_delta=0.000000000e0 mean_abs_delta=0.000000000e0 changed_edges=0 total_edges=567
Lessons: 0, Max Scar Weight: 0.000000000e0
    Pattern Bhupura: Recall Error = 3.000000
    Pattern Lotus: Recall Error = 3.000000
KPI_K2 lesson=0 noise=0.100 avg_recall_err=3.000000 baseline_recall_err=3.000000 uplift=0.000000 scar_max=0.000000
    Pattern Bhupura: Recall Error = 3.000000
    Pattern Lotus: Recall Error = 3.000000
KPI_K2 lesson=0 noise=0.200 avg_recall_err=3.000000 baseline_recall_err=3.000000 uplift=0.000000 scar_max=0.000000
KPI_K2_LESSON lessons=0 eta=0.2000 duration_sec=10.818 evals_per_sec=0.185
KPI_K2_SCAR_WEIGHTS lessons=3 max_abs_delta=1.200000000e0 mean_abs_delta=1.200000000e0 changed_edges=567 total_edges=567
Lessons: 3, Max Scar Weight: 1.200000000e0
    Pattern Bhupura: Recall Error = 0.000000
    Pattern Lotus: Recall Error = 0.000000
KPI_K2 lesson=3 noise=0.100 avg_recall_err=0.000000 baseline_recall_err=3.000000 uplift=3.000000 scar_max=1.200000
    Pattern Bhupura: Recall Error = 0.000000
    Pattern Lotus: Recall Error = 0.000000
KPI_K2 lesson=3 noise=0.200 avg_recall_err=0.000000 baseline_recall_err=3.000000 uplift=3.000000 scar_max=1.200000
KPI_K2_LESSON lessons=3 eta=0.2000 duration_sec=20.187 evals_per_sec=0.099
KPI_K2_SUMMARY duration_sec=31.020 max_scar_weight=1.200000 best_uplift=3.000000
[K2] Written: artifacts/k2_summary.json
iter=10 k2_summary=fccbdf3d776c1a77dd5e50486e9ddfb427bf11840b082cebbfa9115aa300e60d
KPI_K2_SCAR_WEIGHTS lessons=0 max_abs_delta=0.000000000e0 mean_abs_delta=0.000000000e0 changed_edges=0 total_edges=567
Lessons: 0, Max Scar Weight: 0.000000000e0
    Pattern Bhupura: Recall Error = 3.000000
    Pattern Lotus: Recall Error = 3.000000
KPI_K2 lesson=0 noise=0.100 avg_recall_err=3.000000 baseline_recall_err=3.000000 uplift=0.000000 scar_max=0.000000
    Pattern Bhupura: Recall Error = 3.000000
    Pattern Lotus: Recall Error = 3.000000
KPI_K2 lesson=0 noise=0.200 avg_recall_err=3.000000 baseline_recall_err=3.000000 uplift=0.000000 scar_max=0.000000
KPI_K2_LESSON lessons=0 eta=0.2000 duration_sec=12.131 evals_per_sec=0.165
KPI_K2_SCAR_WEIGHTS lessons=3 max_abs_delta=1.200000000e0 mean_abs_delta=1.200000000e0 changed_edges=567 total_edges=567
Lessons: 3, Max Scar Weight: 1.200000000e0
    Pattern Bhupura: Recall Error = 0.000000
    Pattern Lotus: Recall Error = 0.000000
KPI_K2 lesson=3 noise=0.100 avg_recall_err=0.000000 baseline_recall_err=3.000000 uplift=3.000000 scar_max=1.200000
    Pattern Bhupura: Recall Error = 0.000000
    Pattern Lotus: Recall Error = 0.000000
KPI_K2 lesson=3 noise=0.200 avg_recall_err=0.000000 baseline_recall_err=3.000000 uplift=3.000000 scar_max=1.200000
KPI_K2_LESSON lessons=3 eta=0.2000 duration_sec=22.299 evals_per_sec=0.090
KPI_K2_SUMMARY duration_sec=34.447 max_scar_weight=1.200000 best_uplift=3.000000
[K2] Written: artifacts/k2_summary.json
iter=11 k2_summary=fccbdf3d776c1a77dd5e50486e9ddfb427bf11840b082cebbfa9115aa300e60d
KPI_K2_SCAR_WEIGHTS lessons=0 max_abs_delta=0.000000000e0 mean_abs_delta=0.000000000e0 changed_edges=0 total_edges=567
Lessons: 0, Max Scar Weight: 0.000000000e0
    Pattern Bhupura: Recall Error = 3.000000
    Pattern Lotus: Recall Error = 3.000000
KPI_K2 lesson=0 noise=0.100 avg_recall_err=3.000000 baseline_recall_err=3.000000 uplift=0.000000 scar_max=0.000000
    Pattern Bhupura: Recall Error = 3.000000
    Pattern Lotus: Recall Error = 3.000000
KPI_K2 lesson=0 noise=0.200 avg_recall_err=3.000000 baseline_recall_err=3.000000 uplift=0.000000 scar_max=0.000000
KPI_K2_LESSON lessons=0 eta=0.2000 duration_sec=11.517 evals_per_sec=0.174
KPI_K2_SCAR_WEIGHTS lessons=3 max_abs_delta=1.200000000e0 mean_abs_delta=1.200000000e0 changed_edges=567 total_edges=567
Lessons: 3, Max Scar Weight: 1.200000000e0
    Pattern Bhupura: Recall Error = 0.000000
    Pattern Lotus: Recall Error = 0.000000
KPI_K2 lesson=3 noise=0.100 avg_recall_err=0.000000 baseline_recall_err=3.000000 uplift=3.000000 scar_max=1.200000
    Pattern Bhupura: Recall Error = 0.000000
    Pattern Lotus: Recall Error = 0.000000
KPI_K2 lesson=3 noise=0.200 avg_recall_err=0.000000 baseline_recall_err=3.000000 uplift=3.000000 scar_max=1.200000
KPI_K2_LESSON lessons=3 eta=0.2000 duration_sec=20.375 evals_per_sec=0.098
KPI_K2_SUMMARY duration_sec=31.908 max_scar_weight=1.200000 best_uplift=3.000000
[K2] Written: artifacts/k2_summary.json
iter=12 k2_summary=fccbdf3d776c1a77dd5e50486e9ddfb427bf11840b082cebbfa9115aa300e60d
KPI_K2_SCAR_WEIGHTS lessons=0 max_abs_delta=0.000000000e0 mean_abs_delta=0.000000000e0 changed_edges=0 total_edges=567
Lessons: 0, Max Scar Weight: 0.000000000e0
    Pattern Bhupura: Recall Error = 3.000000
    Pattern Lotus: Recall Error = 3.000000
KPI_K2 lesson=0 noise=0.100 avg_recall_err=3.000000 baseline_recall_err=3.000000 uplift=0.000000 scar_max=0.000000
    Pattern Bhupura: Recall Error = 3.000000
    Pattern Lotus: Recall Error = 3.000000
KPI_K2 lesson=0 noise=0.200 avg_recall_err=3.000000 baseline_recall_err=3.000000 uplift=0.000000 scar_max=0.000000
KPI_K2_LESSON lessons=0 eta=0.2000 duration_sec=11.395 evals_per_sec=0.176
KPI_K2_SCAR_WEIGHTS lessons=3 max_abs_delta=1.200000000e0 mean_abs_delta=1.200000000e0 changed_edges=567 total_edges=567
Lessons: 3, Max Scar Weight: 1.200000000e0
    Pattern Bhupura: Recall Error = 0.000000
    Pattern Lotus: Recall Error = 0.000000
KPI_K2 lesson=3 noise=0.100 avg_recall_err=0.000000 baseline_recall_err=3.000000 uplift=3.000000 scar_max=1.200000
    Pattern Bhupura: Recall Error = 0.000000
    Pattern Lotus: Recall Error = 0.000000
KPI_K2 lesson=3 noise=0.200 avg_recall_err=0.000000 baseline_recall_err=3.000000 uplift=3.000000 scar_max=1.200000
KPI_K2_LESSON lessons=3 eta=0.2000 duration_sec=20.730 evals_per_sec=0.096
KPI_K2_SUMMARY duration_sec=32.144 max_scar_weight=1.200000 best_uplift=3.000000
[K2] Written: artifacts/k2_summary.json
iter=13 k2_summary=fccbdf3d776c1a77dd5e50486e9ddfb427bf11840b082cebbfa9115aa300e60d
KPI_K2_SCAR_WEIGHTS lessons=0 max_abs_delta=0.000000000e0 mean_abs_delta=0.000000000e0 changed_edges=0 total_edges=567
Lessons: 0, Max Scar Weight: 0.000000000e0
    Pattern Bhupura: Recall Error = 3.000000
    Pattern Lotus: Recall Error = 3.000000
KPI_K2 lesson=0 noise=0.100 avg_recall_err=3.000000 baseline_recall_err=3.000000 uplift=0.000000 scar_max=0.000000
    Pattern Bhupura: Recall Error = 3.000000
    Pattern Lotus: Recall Error = 3.000000
KPI_K2 lesson=0 noise=0.200 avg_recall_err=3.000000 baseline_recall_err=3.000000 uplift=0.000000 scar_max=0.000000
KPI_K2_LESSON lessons=0 eta=0.2000 duration_sec=10.987 evals_per_sec=0.182
KPI_K2_SCAR_WEIGHTS lessons=3 max_abs_delta=1.200000000e0 mean_abs_delta=1.200000000e0 changed_edges=567 total_edges=567
Lessons: 3, Max Scar Weight: 1.200000000e0
    Pattern Bhupura: Recall Error = 0.000000
    Pattern Lotus: Recall Error = 0.000000
KPI_K2 lesson=3 noise=0.100 avg_recall_err=0.000000 baseline_recall_err=3.000000 uplift=3.000000 scar_max=1.200000
    Pattern Bhupura: Recall Error = 0.000000
    Pattern Lotus: Recall Error = 0.000000
KPI_K2 lesson=3 noise=0.200 avg_recall_err=0.000000 baseline_recall_err=3.000000 uplift=3.000000 scar_max=1.200000
KPI_K2_LESSON lessons=3 eta=0.2000 duration_sec=20.255 evals_per_sec=0.099
KPI_K2_SUMMARY duration_sec=31.258 max_scar_weight=1.200000 best_uplift=3.000000
[K2] Written: artifacts/k2_summary.json
iter=14 k2_summary=fccbdf3d776c1a77dd5e50486e9ddfb427bf11840b082cebbfa9115aa300e60d
KPI_K2_SCAR_WEIGHTS lessons=0 max_abs_delta=0.000000000e0 mean_abs_delta=0.000000000e0 changed_edges=0 total_edges=567
Lessons: 0, Max Scar Weight: 0.000000000e0
    Pattern Bhupura: Recall Error = 3.000000
    Pattern Lotus: Recall Error = 3.000000
KPI_K2 lesson=0 noise=0.100 avg_recall_err=3.000000 baseline_recall_err=3.000000 uplift=0.000000 scar_max=0.000000
    Pattern Bhupura: Recall Error = 3.000000
    Pattern Lotus: Recall Error = 3.000000
KPI_K2 lesson=0 noise=0.200 avg_recall_err=3.000000 baseline_recall_err=3.000000 uplift=0.000000 scar_max=0.000000
KPI_K2_LESSON lessons=0 eta=0.2000 duration_sec=11.040 evals_per_sec=0.181
KPI_K2_SCAR_WEIGHTS lessons=3 max_abs_delta=1.200000000e0 mean_abs_delta=1.200000000e0 changed_edges=567 total_edges=567
Lessons: 3, Max Scar Weight: 1.200000000e0
    Pattern Bhupura: Recall Error = 0.000000
    Pattern Lotus: Recall Error = 0.000000
KPI_K2 lesson=3 noise=0.100 avg_recall_err=0.000000 baseline_recall_err=3.000000 uplift=3.000000 scar_max=1.200000
    Pattern Bhupura: Recall Error = 0.000000
    Pattern Lotus: Recall Error = 0.000000
KPI_K2 lesson=3 noise=0.200 avg_recall_err=0.000000 baseline_recall_err=3.000000 uplift=3.000000 scar_max=1.200000
KPI_K2_LESSON lessons=3 eta=0.2000 duration_sec=19.561 evals_per_sec=0.102
KPI_K2_SUMMARY duration_sec=30.616 max_scar_weight=1.200000 best_uplift=3.000000
[K2] Written: artifacts/k2_summary.json
iter=15 k2_summary=fccbdf3d776c1a77dd5e50486e9ddfb427bf11840b082cebbfa9115aa300e60d
KPI_K2_SCAR_WEIGHTS lessons=0 max_abs_delta=0.000000000e0 mean_abs_delta=0.000000000e0 changed_edges=0 total_edges=567
Lessons: 0, Max Scar Weight: 0.000000000e0
    Pattern Bhupura: Recall Error = 3.000000
    Pattern Lotus: Recall Error = 3.000000
KPI_K2 lesson=0 noise=0.100 avg_recall_err=3.000000 baseline_recall_err=3.000000 uplift=0.000000 scar_max=0.000000
    Pattern Bhupura: Recall Error = 3.000000
    Pattern Lotus: Recall Error = 3.000000
KPI_K2 lesson=0 noise=0.200 avg_recall_err=3.000000 baseline_recall_err=3.000000 uplift=0.000000 scar_max=0.000000
KPI_K2_LESSON lessons=0 eta=0.2000 duration_sec=11.931 evals_per_sec=0.168
KPI_K2_SCAR_WEIGHTS lessons=3 max_abs_delta=1.200000000e0 mean_abs_delta=1.200000000e0 changed_edges=567 total_edges=567
Lessons: 3, Max Scar Weight: 1.200000000e0
    Pattern Bhupura: Recall Error = 0.000000
    Pattern Lotus: Recall Error = 0.000000
KPI_K2 lesson=3 noise=0.100 avg_recall_err=0.000000 baseline_recall_err=3.000000 uplift=3.000000 scar_max=1.200000
    Pattern Bhupura: Recall Error = 0.000000
    Pattern Lotus: Recall Error = 0.000000
KPI_K2 lesson=3 noise=0.200 avg_recall_err=0.000000 baseline_recall_err=3.000000 uplift=3.000000 scar_max=1.200000
KPI_K2_LESSON lessons=3 eta=0.2000 duration_sec=20.303 evals_per_sec=0.099
KPI_K2_SUMMARY duration_sec=32.251 max_scar_weight=1.200000 best_uplift=3.000000
[K2] Written: artifacts/k2_summary.json
iter=16 k2_summary=fccbdf3d776c1a77dd5e50486e9ddfb427bf11840b082cebbfa9115aa300e60d
KPI_K2_SCAR_WEIGHTS lessons=0 max_abs_delta=0.000000000e0 mean_abs_delta=0.000000000e0 changed_edges=0 total_edges=567
Lessons: 0, Max Scar Weight: 0.000000000e0
    Pattern Bhupura: Recall Error = 3.000000
    Pattern Lotus: Recall Error = 3.000000
KPI_K2 lesson=0 noise=0.100 avg_recall_err=3.000000 baseline_recall_err=3.000000 uplift=0.000000 scar_max=0.000000
    Pattern Bhupura: Recall Error = 3.000000
    Pattern Lotus: Recall Error = 3.000000
KPI_K2 lesson=0 noise=0.200 avg_recall_err=3.000000 baseline_recall_err=3.000000 uplift=0.000000 scar_max=0.000000
KPI_K2_LESSON lessons=0 eta=0.2000 duration_sec=11.126 evals_per_sec=0.180
KPI_K2_SCAR_WEIGHTS lessons=3 max_abs_delta=1.200000000e0 mean_abs_delta=1.200000000e0 changed_edges=567 total_edges=567
Lessons: 3, Max Scar Weight: 1.200000000e0
    Pattern Bhupura: Recall Error = 0.000000
    Pattern Lotus: Recall Error = 0.000000
KPI_K2 lesson=3 noise=0.100 avg_recall_err=0.000000 baseline_recall_err=3.000000 uplift=3.000000 scar_max=1.200000
    Pattern Bhupura: Recall Error = 0.000000
    Pattern Lotus: Recall Error = 0.000000
KPI_K2 lesson=3 noise=0.200 avg_recall_err=0.000000 baseline_recall_err=3.000000 uplift=3.000000 scar_max=1.200000
KPI_K2_LESSON lessons=3 eta=0.2000 duration_sec=19.428 evals_per_sec=0.103
KPI_K2_SUMMARY duration_sec=30.569 max_scar_weight=1.200000 best_uplift=3.000000
[K2] Written: artifacts/k2_summary.json
iter=17 k2_summary=fccbdf3d776c1a77dd5e50486e9ddfb427bf11840b082cebbfa9115aa300e60d
KPI_K2_SCAR_WEIGHTS lessons=0 max_abs_delta=0.000000000e0 mean_abs_delta=0.000000000e0 changed_edges=0 total_edges=567
Lessons: 0, Max Scar Weight: 0.000000000e0
    Pattern Bhupura: Recall Error = 3.000000
    Pattern Lotus: Recall Error = 3.000000
KPI_K2 lesson=0 noise=0.100 avg_recall_err=3.000000 baseline_recall_err=3.000000 uplift=0.000000 scar_max=0.000000
    Pattern Bhupura: Recall Error = 3.000000
    Pattern Lotus: Recall Error = 3.000000
KPI_K2 lesson=0 noise=0.200 avg_recall_err=3.000000 baseline_recall_err=3.000000 uplift=0.000000 scar_max=0.000000
KPI_K2_LESSON lessons=0 eta=0.2000 duration_sec=12.141 evals_per_sec=0.165
KPI_K2_SCAR_WEIGHTS lessons=3 max_abs_delta=1.200000000e0 mean_abs_delta=1.200000000e0 changed_edges=567 total_edges=567
Lessons: 3, Max Scar Weight: 1.200000000e0
    Pattern Bhupura: Recall Error = 0.000000
    Pattern Lotus: Recall Error = 0.000000
KPI_K2 lesson=3 noise=0.100 avg_recall_err=0.000000 baseline_recall_err=3.000000 uplift=3.000000 scar_max=1.200000
    Pattern Bhupura: Recall Error = 0.000000
    Pattern Lotus: Recall Error = 0.000000
KPI_K2 lesson=3 noise=0.200 avg_recall_err=0.000000 baseline_recall_err=3.000000 uplift=3.000000 scar_max=1.200000
KPI_K2_LESSON lessons=3 eta=0.2000 duration_sec=20.184 evals_per_sec=0.099
KPI_K2_SUMMARY duration_sec=32.344 max_scar_weight=1.200000 best_uplift=3.000000
[K2] Written: artifacts/k2_summary.json
iter=18 k2_summary=fccbdf3d776c1a77dd5e50486e9ddfb427bf11840b082cebbfa9115aa300e60d
KPI_K2_SCAR_WEIGHTS lessons=0 max_abs_delta=0.000000000e0 mean_abs_delta=0.000000000e0 changed_edges=0 total_edges=567
Lessons: 0, Max Scar Weight: 0.000000000e0
    Pattern Bhupura: Recall Error = 3.000000
    Pattern Lotus: Recall Error = 3.000000
KPI_K2 lesson=0 noise=0.100 avg_recall_err=3.000000 baseline_recall_err=3.000000 uplift=0.000000 scar_max=0.000000
    Pattern Bhupura: Recall Error = 3.000000
    Pattern Lotus: Recall Error = 3.000000
KPI_K2 lesson=0 noise=0.200 avg_recall_err=3.000000 baseline_recall_err=3.000000 uplift=0.000000 scar_max=0.000000
KPI_K2_LESSON lessons=0 eta=0.2000 duration_sec=11.228 evals_per_sec=0.178
KPI_K2_SCAR_WEIGHTS lessons=3 max_abs_delta=1.200000000e0 mean_abs_delta=1.200000000e0 changed_edges=567 total_edges=567
Lessons: 3, Max Scar Weight: 1.200000000e0
    Pattern Bhupura: Recall Error = 0.000000
    Pattern Lotus: Recall Error = 0.000000
KPI_K2 lesson=3 noise=0.100 avg_recall_err=0.000000 baseline_recall_err=3.000000 uplift=3.000000 scar_max=1.200000
    Pattern Bhupura: Recall Error = 0.000000
    Pattern Lotus: Recall Error = 0.000000
KPI_K2 lesson=3 noise=0.200 avg_recall_err=0.000000 baseline_recall_err=3.000000 uplift=3.000000 scar_max=1.200000
KPI_K2_LESSON lessons=3 eta=0.2000 duration_sec=20.225 evals_per_sec=0.099
KPI_K2_SUMMARY duration_sec=31.469 max_scar_weight=1.200000 best_uplift=3.000000
[K2] Written: artifacts/k2_summary.json
iter=19 k2_summary=fccbdf3d776c1a77dd5e50486e9ddfb427bf11840b082cebbfa9115aa300e60d
KPI_K2_SCAR_WEIGHTS lessons=0 max_abs_delta=0.000000000e0 mean_abs_delta=0.000000000e0 changed_edges=0 total_edges=567
Lessons: 0, Max Scar Weight: 0.000000000e0
    Pattern Bhupura: Recall Error = 3.000000
    Pattern Lotus: Recall Error = 3.000000
KPI_K2 lesson=0 noise=0.100 avg_recall_err=3.000000 baseline_recall_err=3.000000 uplift=0.000000 scar_max=0.000000
    Pattern Bhupura: Recall Error = 3.000000
    Pattern Lotus: Recall Error = 3.000000
KPI_K2 lesson=0 noise=0.200 avg_recall_err=3.000000 baseline_recall_err=3.000000 uplift=0.000000 scar_max=0.000000
KPI_K2_LESSON lessons=0 eta=0.2000 duration_sec=10.371 evals_per_sec=0.193
KPI_K2_SCAR_WEIGHTS lessons=3 max_abs_delta=1.200000000e0 mean_abs_delta=1.200000000e0 changed_edges=567 total_edges=567
Lessons: 3, Max Scar Weight: 1.200000000e0
    Pattern Bhupura: Recall Error = 0.000000
    Pattern Lotus: Recall Error = 0.000000
KPI_K2 lesson=3 noise=0.100 avg_recall_err=0.000000 baseline_recall_err=3.000000 uplift=3.000000 scar_max=1.200000
    Pattern Bhupura: Recall Error = 0.000000
    Pattern Lotus: Recall Error = 0.000000
KPI_K2 lesson=3 noise=0.200 avg_recall_err=0.000000 baseline_recall_err=3.000000 uplift=3.000000 scar_max=1.200000
KPI_K2_LESSON lessons=3 eta=0.2000 duration_sec=20.158 evals_per_sec=0.099
KPI_K2_SUMMARY duration_sec=30.548 max_scar_weight=1.200000 best_uplift=3.000000
[K2] Written: artifacts/k2_summary.json
iter=20 k2_summary=fccbdf3d776c1a77dd5e50486e9ddfb427bf11840b082cebbfa9115aa300e60d
KPI_K2_SCAR_WEIGHTS lessons=0 max_abs_delta=0.000000000e0 mean_abs_delta=0.000000000e0 changed_edges=0 total_edges=567
Lessons: 0, Max Scar Weight: 0.000000000e0
    Pattern Bhupura: Recall Error = 3.000000
    Pattern Lotus: Recall Error = 3.000000
KPI_K2 lesson=0 noise=0.100 avg_recall_err=3.000000 baseline_recall_err=3.000000 uplift=0.000000 scar_max=0.000000
    Pattern Bhupura: Recall Error = 3.000000
    Pattern Lotus: Recall Error = 3.000000
KPI_K2 lesson=0 noise=0.200 avg_recall_err=3.000000 baseline_recall_err=3.000000 uplift=0.000000 scar_max=0.000000
KPI_K2_LESSON lessons=0 eta=0.2000 duration_sec=11.386 evals_per_sec=0.176
KPI_K2_SCAR_WEIGHTS lessons=3 max_abs_delta=1.200000000e0 mean_abs_delta=1.200000000e0 changed_edges=567 total_edges=567
Lessons: 3, Max Scar Weight: 1.200000000e0
    Pattern Bhupura: Recall Error = 0.000000
    Pattern Lotus: Recall Error = 0.000000
KPI_K2 lesson=3 noise=0.100 avg_recall_err=0.000000 baseline_recall_err=3.000000 uplift=3.000000 scar_max=1.200000
    Pattern Bhupura: Recall Error = 0.000000
    Pattern Lotus: Recall Error = 0.000000
KPI_K2 lesson=3 noise=0.200 avg_recall_err=0.000000 baseline_recall_err=3.000000 uplift=3.000000 scar_max=1.200000
KPI_K2_LESSON lessons=3 eta=0.2000 duration_sec=20.138 evals_per_sec=0.099
KPI_K2_SUMMARY duration_sec=31.540 max_scar_weight=1.200000 best_uplift=3.000000
[K2] Written: artifacts/k2_summary.json
iter=21 k2_summary=fccbdf3d776c1a77dd5e50486e9ddfb427bf11840b082cebbfa9115aa300e60d
KPI_K2_SCAR_WEIGHTS lessons=0 max_abs_delta=0.000000000e0 mean_abs_delta=0.000000000e0 changed_edges=0 total_edges=567
Lessons: 0, Max Scar Weight: 0.000000000e0
    Pattern Bhupura: Recall Error = 3.000000
    Pattern Lotus: Recall Error = 3.000000
KPI_K2 lesson=0 noise=0.100 avg_recall_err=3.000000 baseline_recall_err=3.000000 uplift=0.000000 scar_max=0.000000
    Pattern Bhupura: Recall Error = 3.000000
    Pattern Lotus: Recall Error = 3.000000
KPI_K2 lesson=0 noise=0.200 avg_recall_err=3.000000 baseline_recall_err=3.000000 uplift=0.000000 scar_max=0.000000
KPI_K2_LESSON lessons=0 eta=0.2000 duration_sec=10.555 evals_per_sec=0.189
KPI_K2_SCAR_WEIGHTS lessons=3 max_abs_delta=1.200000000e0 mean_abs_delta=1.200000000e0 changed_edges=567 total_edges=567
Lessons: 3, Max Scar Weight: 1.200000000e0
    Pattern Bhupura: Recall Error = 0.000000
    Pattern Lotus: Recall Error = 0.000000
KPI_K2 lesson=3 noise=0.100 avg_recall_err=0.000000 baseline_recall_err=3.000000 uplift=3.000000 scar_max=1.200000
    Pattern Bhupura: Recall Error = 0.000000
    Pattern Lotus: Recall Error = 0.000000
KPI_K2 lesson=3 noise=0.200 avg_recall_err=0.000000 baseline_recall_err=3.000000 uplift=3.000000 scar_max=1.200000
KPI_K2_LESSON lessons=3 eta=0.2000 duration_sec=19.874 evals_per_sec=0.101
KPI_K2_SUMMARY duration_sec=30.445 max_scar_weight=1.200000 best_uplift=3.000000
[K2] Written: artifacts/k2_summary.json
iter=22 k2_summary=fccbdf3d776c1a77dd5e50486e9ddfb427bf11840b082cebbfa9115aa300e60d
KPI_K2_SCAR_WEIGHTS lessons=0 max_abs_delta=0.000000000e0 mean_abs_delta=0.000000000e0 changed_edges=0 total_edges=567
Lessons: 0, Max Scar Weight: 0.000000000e0
    Pattern Bhupura: Recall Error = 3.000000
    Pattern Lotus: Recall Error = 3.000000
KPI_K2 lesson=0 noise=0.100 avg_recall_err=3.000000 baseline_recall_err=3.000000 uplift=0.000000 scar_max=0.000000
    Pattern Bhupura: Recall Error = 3.000000
    Pattern Lotus: Recall Error = 3.000000
KPI_K2 lesson=0 noise=0.200 avg_recall_err=3.000000 baseline_recall_err=3.000000 uplift=0.000000 scar_max=0.000000
KPI_K2_LESSON lessons=0 eta=0.2000 duration_sec=12.103 evals_per_sec=0.165
KPI_K2_SCAR_WEIGHTS lessons=3 max_abs_delta=1.200000000e0 mean_abs_delta=1.200000000e0 changed_edges=567 total_edges=567
Lessons: 3, Max Scar Weight: 1.200000000e0
    Pattern Bhupura: Recall Error = 0.000000
    Pattern Lotus: Recall Error = 0.000000
KPI_K2 lesson=3 noise=0.100 avg_recall_err=0.000000 baseline_recall_err=3.000000 uplift=3.000000 scar_max=1.200000
    Pattern Bhupura: Recall Error = 0.000000
    Pattern Lotus: Recall Error = 0.000000
KPI_K2 lesson=3 noise=0.200 avg_recall_err=0.000000 baseline_recall_err=3.000000 uplift=3.000000 scar_max=1.200000
KPI_K2_LESSON lessons=3 eta=0.2000 duration_sec=20.238 evals_per_sec=0.099
KPI_K2_SUMMARY duration_sec=32.355 max_scar_weight=1.200000 best_uplift=3.000000
[K2] Written: artifacts/k2_summary.json
iter=23 k2_summary=fccbdf3d776c1a77dd5e50486e9ddfb427bf11840b082cebbfa9115aa300e60d
KPI_K2_SCAR_WEIGHTS lessons=0 max_abs_delta=0.000000000e0 mean_abs_delta=0.000000000e0 changed_edges=0 total_edges=567
Lessons: 0, Max Scar Weight: 0.000000000e0
    Pattern Bhupura: Recall Error = 3.000000
    Pattern Lotus: Recall Error = 3.000000
KPI_K2 lesson=0 noise=0.100 avg_recall_err=3.000000 baseline_recall_err=3.000000 uplift=0.000000 scar_max=0.000000
    Pattern Bhupura: Recall Error = 3.000000
    Pattern Lotus: Recall Error = 3.000000
KPI_K2 lesson=0 noise=0.200 avg_recall_err=3.000000 baseline_recall_err=3.000000 uplift=0.000000 scar_max=0.000000
KPI_K2_LESSON lessons=0 eta=0.2000 duration_sec=11.352 evals_per_sec=0.176
KPI_K2_SCAR_WEIGHTS lessons=3 max_abs_delta=1.200000000e0 mean_abs_delta=1.200000000e0 changed_edges=567 total_edges=567
Lessons: 3, Max Scar Weight: 1.200000000e0
    Pattern Bhupura: Recall Error = 0.000000
    Pattern Lotus: Recall Error = 0.000000
KPI_K2 lesson=3 noise=0.100 avg_recall_err=0.000000 baseline_recall_err=3.000000 uplift=3.000000 scar_max=1.200000
    Pattern Bhupura: Recall Error = 0.000000
    Pattern Lotus: Recall Error = 0.000000
KPI_K2 lesson=3 noise=0.200 avg_recall_err=0.000000 baseline_recall_err=3.000000 uplift=3.000000 scar_max=1.200000
KPI_K2_LESSON lessons=3 eta=0.2000 duration_sec=19.464 evals_per_sec=0.103
KPI_K2_SUMMARY duration_sec=30.833 max_scar_weight=1.200000 best_uplift=3.000000
[K2] Written: artifacts/k2_summary.json
iter=24 k2_summary=fccbdf3d776c1a77dd5e50486e9ddfb427bf11840b082cebbfa9115aa300e60d
KPI_K2_SCAR_WEIGHTS lessons=0 max_abs_delta=0.000000000e0 mean_abs_delta=0.000000000e0 changed_edges=0 total_edges=567
Lessons: 0, Max Scar Weight: 0.000000000e0
    Pattern Bhupura: Recall Error = 3.000000
    Pattern Lotus: Recall Error = 3.000000
KPI_K2 lesson=0 noise=0.100 avg_recall_err=3.000000 baseline_recall_err=3.000000 uplift=0.000000 scar_max=0.000000
    Pattern Bhupura: Recall Error = 3.000000
    Pattern Lotus: Recall Error = 3.000000
KPI_K2 lesson=0 noise=0.200 avg_recall_err=3.000000 baseline_recall_err=3.000000 uplift=0.000000 scar_max=0.000000
KPI_K2_LESSON lessons=0 eta=0.2000 duration_sec=11.288 evals_per_sec=0.177
KPI_K2_SCAR_WEIGHTS lessons=3 max_abs_delta=1.200000000e0 mean_abs_delta=1.200000000e0 changed_edges=567 total_edges=567
Lessons: 3, Max Scar Weight: 1.200000000e0
    Pattern Bhupura: Recall Error = 0.000000
    Pattern Lotus: Recall Error = 0.000000
KPI_K2 lesson=3 noise=0.100 avg_recall_err=0.000000 baseline_recall_err=3.000000 uplift=3.000000 scar_max=1.200000
    Pattern Bhupura: Recall Error = 0.000000
    Pattern Lotus: Recall Error = 0.000000
KPI_K2 lesson=3 noise=0.200 avg_recall_err=0.000000 baseline_recall_err=3.000000 uplift=3.000000 scar_max=1.200000
KPI_K2_LESSON lessons=3 eta=0.2000 duration_sec=20.325 evals_per_sec=0.098
KPI_K2_SUMMARY duration_sec=31.629 max_scar_weight=1.200000 best_uplift=3.000000
[K2] Written: artifacts/k2_summary.json
iter=25 k2_summary=fccbdf3d776c1a77dd5e50486e9ddfb427bf11840b082cebbfa9115aa300e60d
KPI_K2_SCAR_WEIGHTS lessons=0 max_abs_delta=0.000000000e0 mean_abs_delta=0.000000000e0 changed_edges=0 total_edges=567
Lessons: 0, Max Scar Weight: 0.000000000e0
    Pattern Bhupura: Recall Error = 3.000000
    Pattern Lotus: Recall Error = 3.000000
KPI_K2 lesson=0 noise=0.100 avg_recall_err=3.000000 baseline_recall_err=3.000000 uplift=0.000000 scar_max=0.000000
    Pattern Bhupura: Recall Error = 3.000000
    Pattern Lotus: Recall Error = 3.000000
KPI_K2 lesson=0 noise=0.200 avg_recall_err=3.000000 baseline_recall_err=3.000000 uplift=0.000000 scar_max=0.000000
KPI_K2_LESSON lessons=0 eta=0.2000 duration_sec=11.187 evals_per_sec=0.179
KPI_K2_SCAR_WEIGHTS lessons=3 max_abs_delta=1.200000000e0 mean_abs_delta=1.200000000e0 changed_edges=567 total_edges=567
Lessons: 3, Max Scar Weight: 1.200000000e0
    Pattern Bhupura: Recall Error = 0.000000
    Pattern Lotus: Recall Error = 0.000000
KPI_K2 lesson=3 noise=0.100 avg_recall_err=0.000000 baseline_recall_err=3.000000 uplift=3.000000 scar_max=1.200000
    Pattern Bhupura: Recall Error = 0.000000
    Pattern Lotus: Recall Error = 0.000000
KPI_K2 lesson=3 noise=0.200 avg_recall_err=0.000000 baseline_recall_err=3.000000 uplift=3.000000 scar_max=1.200000
KPI_K2_LESSON lessons=3 eta=0.2000 duration_sec=20.468 evals_per_sec=0.098
KPI_K2_SUMMARY duration_sec=31.671 max_scar_weight=1.200000 best_uplift=3.000000
[K2] Written: artifacts/k2_summary.json
iter=26 k2_summary=fccbdf3d776c1a77dd5e50486e9ddfb427bf11840b082cebbfa9115aa300e60d
KPI_K2_SCAR_WEIGHTS lessons=0 max_abs_delta=0.000000000e0 mean_abs_delta=0.000000000e0 changed_edges=0 total_edges=567
Lessons: 0, Max Scar Weight: 0.000000000e0
    Pattern Bhupura: Recall Error = 3.000000
    Pattern Lotus: Recall Error = 3.000000
KPI_K2 lesson=0 noise=0.100 avg_recall_err=3.000000 baseline_recall_err=3.000000 uplift=0.000000 scar_max=0.000000
    Pattern Bhupura: Recall Error = 3.000000
    Pattern Lotus: Recall Error = 3.000000
KPI_K2 lesson=0 noise=0.200 avg_recall_err=3.000000 baseline_recall_err=3.000000 uplift=0.000000 scar_max=0.000000
KPI_K2_LESSON lessons=0 eta=0.2000 duration_sec=10.559 evals_per_sec=0.189
KPI_K2_SCAR_WEIGHTS lessons=3 max_abs_delta=1.200000000e0 mean_abs_delta=1.200000000e0 changed_edges=567 total_edges=567
Lessons: 3, Max Scar Weight: 1.200000000e0
    Pattern Bhupura: Recall Error = 0.000000
    Pattern Lotus: Recall Error = 0.000000
KPI_K2 lesson=3 noise=0.100 avg_recall_err=0.000000 baseline_recall_err=3.000000 uplift=3.000000 scar_max=1.200000
    Pattern Bhupura: Recall Error = 0.000000
    Pattern Lotus: Recall Error = 0.000000
KPI_K2 lesson=3 noise=0.200 avg_recall_err=0.000000 baseline_recall_err=3.000000 uplift=3.000000 scar_max=1.200000
KPI_K2_LESSON lessons=3 eta=0.2000 duration_sec=20.243 evals_per_sec=0.099
KPI_K2_SUMMARY duration_sec=30.819 max_scar_weight=1.200000 best_uplift=3.000000
[K2] Written: artifacts/k2_summary.json
iter=27 k2_summary=fccbdf3d776c1a77dd5e50486e9ddfb427bf11840b082cebbfa9115aa300e60d
KPI_K2_SCAR_WEIGHTS lessons=0 max_abs_delta=0.000000000e0 mean_abs_delta=0.000000000e0 changed_edges=0 total_edges=567
Lessons: 0, Max Scar Weight: 0.000000000e0
    Pattern Bhupura: Recall Error = 3.000000
    Pattern Lotus: Recall Error = 3.000000
KPI_K2 lesson=0 noise=0.100 avg_recall_err=3.000000 baseline_recall_err=3.000000 uplift=0.000000 scar_max=0.000000
    Pattern Bhupura: Recall Error = 3.000000
    Pattern Lotus: Recall Error = 3.000000
KPI_K2 lesson=0 noise=0.200 avg_recall_err=3.000000 baseline_recall_err=3.000000 uplift=0.000000 scar_max=0.000000
KPI_K2_LESSON lessons=0 eta=0.2000 duration_sec=11.089 evals_per_sec=0.180
KPI_K2_SCAR_WEIGHTS lessons=3 max_abs_delta=1.200000000e0 mean_abs_delta=1.200000000e0 changed_edges=567 total_edges=567
Lessons: 3, Max Scar Weight: 1.200000000e0
    Pattern Bhupura: Recall Error = 0.000000
    Pattern Lotus: Recall Error = 0.000000
KPI_K2 lesson=3 noise=0.100 avg_recall_err=0.000000 baseline_recall_err=3.000000 uplift=3.000000 scar_max=1.200000
    Pattern Bhupura: Recall Error = 0.000000
    Pattern Lotus: Recall Error = 0.000000
KPI_K2 lesson=3 noise=0.200 avg_recall_err=0.000000 baseline_recall_err=3.000000 uplift=3.000000 scar_max=1.200000
KPI_K2_LESSON lessons=3 eta=0.2000 duration_sec=20.194 evals_per_sec=0.099
KPI_K2_SUMMARY duration_sec=31.300 max_scar_weight=1.200000 best_uplift=3.000000
[K2] Written: artifacts/k2_summary.json
iter=28 k2_summary=fccbdf3d776c1a77dd5e50486e9ddfb427bf11840b082cebbfa9115aa300e60d
KPI_K2_SCAR_WEIGHTS lessons=0 max_abs_delta=0.000000000e0 mean_abs_delta=0.000000000e0 changed_edges=0 total_edges=567
Lessons: 0, Max Scar Weight: 0.000000000e0
    Pattern Bhupura: Recall Error = 3.000000
    Pattern Lotus: Recall Error = 3.000000
KPI_K2 lesson=0 noise=0.100 avg_recall_err=3.000000 baseline_recall_err=3.000000 uplift=0.000000 scar_max=0.000000
    Pattern Bhupura: Recall Error = 3.000000
    Pattern Lotus: Recall Error = 3.000000
KPI_K2 lesson=0 noise=0.200 avg_recall_err=3.000000 baseline_recall_err=3.000000 uplift=0.000000 scar_max=0.000000
KPI_K2_LESSON lessons=0 eta=0.2000 duration_sec=10.944 evals_per_sec=0.183
KPI_K2_SCAR_WEIGHTS lessons=3 max_abs_delta=1.200000000e0 mean_abs_delta=1.200000000e0 changed_edges=567 total_edges=567
Lessons: 3, Max Scar Weight: 1.200000000e0
    Pattern Bhupura: Recall Error = 0.000000
    Pattern Lotus: Recall Error = 0.000000
KPI_K2 lesson=3 noise=0.100 avg_recall_err=0.000000 baseline_recall_err=3.000000 uplift=3.000000 scar_max=1.200000
    Pattern Bhupura: Recall Error = 0.000000
    Pattern Lotus: Recall Error = 0.000000
KPI_K2 lesson=3 noise=0.200 avg_recall_err=0.000000 baseline_recall_err=3.000000 uplift=3.000000 scar_max=1.200000
KPI_K2_LESSON lessons=3 eta=0.2000 duration_sec=19.608 evals_per_sec=0.102
KPI_K2_SUMMARY duration_sec=30.569 max_scar_weight=1.200000 best_uplift=3.000000
[K2] Written: artifacts/k2_summary.json
iter=29 k2_summary=fccbdf3d776c1a77dd5e50486e9ddfb427bf11840b082cebbfa9115aa300e60d
KPI_K2_SCAR_WEIGHTS lessons=0 max_abs_delta=0.000000000e0 mean_abs_delta=0.000000000e0 changed_edges=0 total_edges=567
Lessons: 0, Max Scar Weight: 0.000000000e0
    Pattern Bhupura: Recall Error = 3.000000
    Pattern Lotus: Recall Error = 3.000000
KPI_K2 lesson=0 noise=0.100 avg_recall_err=3.000000 baseline_recall_err=3.000000 uplift=0.000000 scar_max=0.000000
    Pattern Bhupura: Recall Error = 3.000000
    Pattern Lotus: Recall Error = 3.000000
KPI_K2 lesson=0 noise=0.200 avg_recall_err=3.000000 baseline_recall_err=3.000000 uplift=0.000000 scar_max=0.000000
KPI_K2_LESSON lessons=0 eta=0.2000 duration_sec=11.515 evals_per_sec=0.174
KPI_K2_SCAR_WEIGHTS lessons=3 max_abs_delta=1.200000000e0 mean_abs_delta=1.200000000e0 changed_edges=567 total_edges=567
Lessons: 3, Max Scar Weight: 1.200000000e0
    Pattern Bhupura: Recall Error = 0.000000
    Pattern Lotus: Recall Error = 0.000000
KPI_K2 lesson=3 noise=0.100 avg_recall_err=0.000000 baseline_recall_err=3.000000 uplift=3.000000 scar_max=1.200000
    Pattern Bhupura: Recall Error = 0.000000
    Pattern Lotus: Recall Error = 0.000000
KPI_K2 lesson=3 noise=0.200 avg_recall_err=0.000000 baseline_recall_err=3.000000 uplift=3.000000 scar_max=1.200000
KPI_K2_LESSON lessons=3 eta=0.2000 duration_sec=20.641 evals_per_sec=0.097
KPI_K2_SUMMARY duration_sec=32.173 max_scar_weight=1.200000 best_uplift=3.000000
[K2] Written: artifacts/k2_summary.json
iter=30 k2_summary=fccbdf3d776c1a77dd5e50486e9ddfb427bf11840b082cebbfa9115aa300e60d
