KPI_K2_SCAR_WEIGHTS lessons=0 max_abs_delta=0.000000000e0 mean_abs_delta=0.000000000e0 changed_edges=0 total_edges=567
Lessons: 0, Max Scar Weight: 0.000000000e0
    Pattern Bhupura: Recall Error = 3.000000
    Pattern Lotus: Recall Error = 3.000000
KPI_K2 lesson=0 noise=0.100 avg_recall_err=3.000000 baseline_recall_err=3.000000 uplift=0.000000 scar_max=0.000000
    Pattern Bhupura: Recall Error = 3.000000
    Pattern Lotus: Recall Error = 3.000000
KPI_K2 lesson=0 noise=0.200 avg_recall_err=3.000000 baseline_recall_err=3.000000 uplift=0.000000 scar_max=0.000000
KPI_K2_LESSON lessons=0 eta=0.2000 duration_sec=2.223 evals_per_sec=0.900
KPI_K2_SCAR_WEIGHTS lessons=3 max_abs_delta=1.200000000e0 mean_abs_delta=1.200000000e0 changed_edges=567 total_edges=567
Lessons: 3, Max Scar Weight: 1.200000000e0
    Pattern Bhupura: Recall Error = 0.000000
    Pattern Lotus: Recall Error = 0.000000
KPI_K2 lesson=3 noise=0.100 avg_recall_err=0.000000 baseline_recall_err=3.000000 uplift=3.000000 scar_max=1.200000
    Pattern Bhupura: Recall Error = 0.000000
    Pattern Lotus: Recall Error = 0.000000
KPI_K2 lesson=3 noise=0.200 avg_recall_err=0.000000 baseline_recall_err=3.000000 uplift=3.000000 scar_max=1.200000
KPI_K2_LESSON lessons=3 eta=0.2000 duration_sec=2.917 evals_per_sec=0.686
KPI_K2_SUMMARY duration_sec=5.153 max_scar_weight=1.200000 best_uplift=3.000000
[K2] Written: artifacts/k2_summary.json
iter=1 k2_summary=faeb8571138621afbdd6d0e5285ca2e97a189e55e61e83944013c47016c26d92
KPI_K2_SCAR_WEIGHTS lessons=0 max_abs_delta=0.000000000e0 mean_abs_delta=0.000000000e0 changed_edges=0 total_edges=567
Lessons: 0, Max Scar Weight: 0.000000000e0
    Pattern Bhupura: Recall Error = 3.000000
    Pattern Lotus: Recall Error = 3.000000
KPI_K2 lesson=0 noise=0.100 avg_recall_err=3.000000 baseline_recall_err=3.000000 uplift=0.000000 scar_max=0.000000
    Pattern Bhupura: Recall Error = 3.000000
    Pattern Lotus: Recall Error = 3.000000
KPI_K2 lesson=0 noise=0.200 avg_recall_err=3.000000 baseline_recall_err=3.000000 uplift=0.000000 scar_max=0.000000
KPI_K2_LESSON lessons=0 eta=0.2000 duration_sec=2.167 evals_per_sec=0.923
KPI_K2_SCAR_WEIGHTS lessons=3 max_abs_delta=1.200000000e0 mean_abs_delta=1.200000000e0 changed_edges=567 total_edges=567
Lessons: 3, Max Scar Weight: 1.200000000e0
    Pattern Bhupura: Recall Error = 0.000000
    Pattern Lotus: Recall Error = 0.000000
KPI_K2 lesson=3 noise=0.100 avg_recall_err=0.000000 baseline_recall_err=3.000000 uplift=3.000000 scar_max=1.200000
    Pattern Bhupura: Recall Error = 0.000000
    Pattern Lotus: Recall Error = 0.000000
KPI_K2 lesson=3 noise=0.200 avg_recall_err=0.000000 baseline_recall_err=3.000000 uplift=3.000000 scar_max=1.200000
KPI_K2_LESSON lessons=3 eta=0.2000 duration_sec=2.898 evals_per_sec=0.690
KPI_K2_SUMMARY duration_sec=5.077 max_scar_weight=1.200000 best_uplift=3.000000
[K2] Written: artifacts/k2_summary.json
iter=2 k2_summary=faeb8571138621afbdd6d0e5285ca2e97a189e55e61e83944013c47016c26d92
KPI_K2_SCAR_WEIGHTS lessons=0 max_abs_delta=0.000000000e0 mean_abs_delta=0.000000000e0 changed_edges=0 total_edges=567
Lessons: 0, Max Scar Weight: 0.000000000e0
    Pattern Bhupura: Recall Error = 3.000000
    Pattern Lotus: Recall Error = 3.000000
KPI_K2 lesson=0 noise=0.100 avg_recall_err=3.000000 baseline_recall_err=3.000000 uplift=0.000000 scar_max=0.000000
    Pattern Bhupura: Recall Error = 3.000000
    Pattern Lotus: Recall Error = 3.000000
KPI_K2 lesson=0 noise=0.200 avg_recall_err=3.000000 baseline_recall_err=3.000000 uplift=0.000000 scar_max=0.000000
KPI_K2_LESSON lessons=0 eta=0.2000 duration_sec=2.282 evals_per_sec=0.876
KPI_K2_SCAR_WEIGHTS lessons=3 max_abs_delta=1.200000000e0 mean_abs_delta=1.200000000e0 changed_edges=567 total_edges=567
Lessons: 3, Max Scar Weight: 1.200000000e0
    Pattern Bhupura: Recall Error = 0.000000
    Pattern Lotus: Recall Error = 0.000000
KPI_K2 lesson=3 noise=0.100 avg_recall_err=0.000000 baseline_recall_err=3.000000 uplift=3.000000 scar_max=1.200000
    Pattern Bhupura: Recall Error = 0.000000
    Pattern Lotus: Recall Error = 0.000000
KPI_K2 lesson=3 noise=0.200 avg_recall_err=0.000000 baseline_recall_err=3.000000 uplift=3.000000 scar_max=1.200000
KPI_K2_LESSON lessons=3 eta=0.2000 duration_sec=3.022 evals_per_sec=0.662
KPI_K2_SUMMARY duration_sec=5.315 max_scar_weight=1.200000 best_uplift=3.000000
[K2] Written: artifacts/k2_summary.json
iter=3 k2_summary=faeb8571138621afbdd6d0e5285ca2e97a189e55e61e83944013c47016c26d92
