KPI_K2_SCAR_WEIGHTS lessons=0 max_abs_delta=0.000000000e0 mean_abs_delta=0.000000000e0 changed_edges=0 total_edges=567
Lessons: 0, Max Scar Weight: 0.000000000e0
    Pattern Bhupura: Recall Error = 3.000000
    Pattern Lotus: Recall Error = 3.000000
KPI_K2 lesson=0 noise=0.100 avg_recall_err=3.000000 baseline_recall_err=3.000000 uplift=0.000000 scar_max=0.000000
    Pattern Bhupura: Recall Error = 3.000000
    Pattern Lotus: Recall Error = 3.000000
KPI_K2 lesson=0 noise=0.200 avg_recall_err=3.000000 baseline_recall_err=3.000000 uplift=0.000000 scar_max=0.000000
KPI_K2_LESSON lessons=0 eta=0.2000 duration_sec=9.063 evals_per_sec=0.221
KPI_K2_SCAR_WEIGHTS lessons=3 max_abs_delta=1.200000000e0 mean_abs_delta=1.200000000e0 changed_edges=567 total_edges=567
Lessons: 3, Max Scar Weight: 1.200000000e0
    Pattern Bhupura: Recall Error = 0.000000
    Pattern Lotus: Recall Error = 0.000000
KPI_K2 lesson=3 noise=0.100 avg_recall_err=0.000000 baseline_recall_err=3.000000 uplift=3.000000 scar_max=1.200000
    Pattern Bhupura: Recall Error = 0.000000
    Pattern Lotus: Recall Error = 0.000000
KPI_K2 lesson=3 noise=0.200 avg_recall_err=0.000000 baseline_recall_err=3.000000 uplift=3.000000 scar_max=1.200000
KPI_K2_LESSON lessons=3 eta=0.2000 duration_sec=14.628 evals_per_sec=0.137
KPI_K2_SUMMARY duration_sec=23.706 max_scar_weight=1.200000 best_uplift=3.000000
[K2] Written: artifacts/k2_summary.json
iter=1 k2_summary=c0dc0490d657cd048bbd7640197a1fb76bbfc3ea616a2f5afeee64a82be29a4a
KPI_K2_SCAR_WEIGHTS lessons=0 max_abs_delta=0.000000000e0 mean_abs_delta=0.000000000e0 changed_edges=0 total_edges=567
Lessons: 0, Max Scar Weight: 0.000000000e0
    Pattern Bhupura: Recall Error = 3.000000
    Pattern Lotus: Recall Error = 3.000000
KPI_K2 lesson=0 noise=0.100 avg_recall_err=3.000000 baseline_recall_err=3.000000 uplift=0.000000 scar_max=0.000000
    Pattern Bhupura: Recall Error = 3.000000
    Pattern Lotus: Recall Error = 3.000000
KPI_K2 lesson=0 noise=0.200 avg_recall_err=3.000000 baseline_recall_err=3.000000 uplift=0.000000 scar_max=0.000000
KPI_K2_LESSON lessons=0 eta=0.2000 duration_sec=8.454 evals_per_sec=0.237
KPI_K2_SCAR_WEIGHTS lessons=3 max_abs_delta=1.200000000e0 mean_abs_delta=1.200000000e0 changed_edges=567 total_edges=567
Lessons: 3, Max Scar Weight: 1.200000000e0
    Pattern Bhupura: Recall Error = 0.000000
    Pattern Lotus: Recall Error = 0.000000
KPI_K2 lesson=3 noise=0.100 avg_recall_err=0.000000 baseline_recall_err=3.000000 uplift=3.000000 scar_max=1.200000
    Pattern Bhupura: Recall Error = 0.000000
    Pattern Lotus: Recall Error = 0.000000
KPI_K2 lesson=3 noise=0.200 avg_recall_err=0.000000 baseline_recall_err=3.000000 uplift=3.000000 scar_max=1.200000
KPI_K2_LESSON lessons=3 eta=0.2000 duration_sec=15.113 evals_per_sec=0.132
KPI_K2_SUMMARY duration_sec=23.586 max_scar_weight=1.200000 best_uplift=3.000000
[K2] Written: artifacts/k2_summary.json
iter=2 k2_summary=c0dc0490d657cd048bbd7640197a1fb76bbfc3ea616a2f5afeee64a82be29a4a
KPI_K2_SCAR_WEIGHTS lessons=0 max_abs_delta=0.000000000e0 mean_abs_delta=0.000000000e0 changed_edges=0 total_edges=567
Lessons: 0, Max Scar Weight: 0.000000000e0
    Pattern Bhupura: Recall Error = 3.000000
    Pattern Lotus: Recall Error = 3.000000
KPI_K2 lesson=0 noise=0.100 avg_recall_err=3.000000 baseline_recall_err=3.000000 uplift=0.000000 scar_max=0.000000
    Pattern Bhupura: Recall Error = 3.000000
    Pattern Lotus: Recall Error = 3.000000
KPI_K2 lesson=0 noise=0.200 avg_recall_err=3.000000 baseline_recall_err=3.000000 uplift=0.000000 scar_max=0.000000
KPI_K2_LESSON lessons=0 eta=0.2000 duration_sec=9.253 evals_per_sec=0.216
KPI_K2_SCAR_WEIGHTS lessons=3 max_abs_delta=1.200000000e0 mean_abs_delta=1.200000000e0 changed_edges=567 total_edges=567
Lessons: 3, Max Scar Weight: 1.200000000e0
    Pattern Bhupura: Recall Error = 0.000000
    Pattern Lotus: Recall Error = 0.000000
KPI_K2 lesson=3 noise=0.100 avg_recall_err=0.000000 baseline_recall_err=3.000000 uplift=3.000000 scar_max=1.200000
    Pattern Bhupura: Recall Error = 0.000000
    Pattern Lotus: Recall Error = 0.000000
KPI_K2 lesson=3 noise=0.200 avg_recall_err=0.000000 baseline_recall_err=3.000000 uplift=3.000000 scar_max=1.200000
KPI_K2_LESSON lessons=3 eta=0.2000 duration_sec=13.890 evals_per_sec=0.144
KPI_K2_SUMMARY duration_sec=23.158 max_scar_weight=1.200000 best_uplift=3.000000
[K2] Written: artifacts/k2_summary.json
iter=3 k2_summary=c0dc0490d657cd048bbd7640197a1fb76bbfc3ea616a2f5afeee64a82be29a4a
