KPI_K2_SCAR_WEIGHTS lessons=0 max_abs_delta=0.000000000e0 mean_abs_delta=0.000000000e0 changed_edges=0 total_edges=567
Lessons: 0, Max Scar Weight: 0.000000000e0
    Pattern Bhupura: Recall Error = 8.000000
    Pattern Lotus: Recall Error = 8.000000
KPI_K2 lesson=0 noise=0.100 avg_recall_err=8.000000 baseline_recall_err=8.000000 uplift=0.000000 scar_max=0.000000
    Pattern Bhupura: Recall Error = 13.000000
    Pattern Lotus: Recall Error = 12.000000
KPI_K2 lesson=0 noise=0.200 avg_recall_err=12.500000 baseline_recall_err=12.500000 uplift=0.000000 scar_max=0.000000
KPI_K2_LESSON lessons=0 eta=0.2000 duration_sec=0.033 evals_per_sec=61.116
KPI_K2_SCAR_WEIGHTS lessons=3 max_abs_delta=1.200000000e0 mean_abs_delta=1.200000000e0 changed_edges=567 total_edges=567
Lessons: 3, Max Scar Weight: 1.200000000e0
    Pattern Bhupura: Recall Error = 5.000000
    Pattern Lotus: Recall Error = 0.000000
KPI_K2 lesson=3 noise=0.100 avg_recall_err=2.500000 baseline_recall_err=8.000000 uplift=5.500000 scar_max=1.200000
    Pattern Bhupura: Recall Error = 10.000000
    Pattern Lotus: Recall Error = 7.000000
KPI_K2 lesson=3 noise=0.200 avg_recall_err=8.500000 baseline_recall_err=12.500000 uplift=4.000000 scar_max=1.200000
KPI_K2_LESSON lessons=3 eta=0.2000 duration_sec=0.031 evals_per_sec=63.667
KPI_K2_SUMMARY duration_sec=0.070 max_scar_weight=1.200000 best_uplift=5.500000
[K2] Written: artifacts/k2_summary.json
iter=1 k2_summary=937d073ef7c8ddca16efc87a72605ec8976be8be5ed3438ac7164731851972c2
KPI_K2_SCAR_WEIGHTS lessons=0 max_abs_delta=0.000000000e0 mean_abs_delta=0.000000000e0 changed_edges=0 total_edges=567
Lessons: 0, Max Scar Weight: 0.000000000e0
    Pattern Bhupura: Recall Error = 8.000000
    Pattern Lotus: Recall Error = 8.000000
KPI_K2 lesson=0 noise=0.100 avg_recall_err=8.000000 baseline_recall_err=8.000000 uplift=0.000000 scar_max=0.000000
    Pattern Bhupura: Recall Error = 13.000000
    Pattern Lotus: Recall Error = 12.000000
KPI_K2 lesson=0 noise=0.200 avg_recall_err=12.500000 baseline_recall_err=12.500000 uplift=0.000000 scar_max=0.000000
KPI_K2_LESSON lessons=0 eta=0.2000 duration_sec=0.036 evals_per_sec=55.317
KPI_K2_SCAR_WEIGHTS lessons=3 max_abs_delta=1.200000000e0 mean_abs_delta=1.200000000e0 changed_edges=567 total_edges=567
Lessons: 3, Max Scar Weight: 1.200000000e0
    Pattern Bhupura: Recall Error = 5.000000
    Pattern Lotus: Recall Error = 0.000000
KPI_K2 lesson=3 noise=0.100 avg_recall_err=2.500000 baseline_recall_err=8.000000 uplift=5.500000 scar_max=1.200000
    Pattern Bhupura: Recall Error = 10.000000
    Pattern Lotus: Recall Error = 7.000000
KPI_K2 lesson=3 noise=0.200 avg_recall_err=8.500000 baseline_recall_err=12.500000 uplift=4.000000 scar_max=1.200000
KPI_K2_LESSON lessons=3 eta=0.2000 duration_sec=0.043 evals_per_sec=46.199
KPI_K2_SUMMARY duration_sec=0.087 max_scar_weight=1.200000 best_uplift=5.500000
[K2] Written: artifacts/k2_summary.json
iter=2 k2_summary=937d073ef7c8ddca16efc87a72605ec8976be8be5ed3438ac7164731851972c2
KPI_K2_SCAR_WEIGHTS lessons=0 max_abs_delta=0.000000000e0 mean_abs_delta=0.000000000e0 changed_edges=0 total_edges=567
Lessons: 0, Max Scar Weight: 0.000000000e0
    Pattern Bhupura: Recall Error = 8.000000
    Pattern Lotus: Recall Error = 8.000000
KPI_K2 lesson=0 noise=0.100 avg_recall_err=8.000000 baseline_recall_err=8.000000 uplift=0.000000 scar_max=0.000000
    Pattern Bhupura: Recall Error = 13.000000
    Pattern Lotus: Recall Error = 12.000000
KPI_K2 lesson=0 noise=0.200 avg_recall_err=12.500000 baseline_recall_err=12.500000 uplift=0.000000 scar_max=0.000000
KPI_K2_LESSON lessons=0 eta=0.2000 duration_sec=0.034 evals_per_sec=59.135
KPI_K2_SCAR_WEIGHTS lessons=3 max_abs_delta=1.200000000e0 mean_abs_delta=1.200000000e0 changed_edges=567 total_edges=567
Lessons: 3, Max Scar Weight: 1.200000000e0
    Pattern Bhupura: Recall Error = 5.000000
    Pattern Lotus: Recall Error = 0.000000
KPI_K2 lesson=3 noise=0.100 avg_recall_err=2.500000 baseline_recall_err=8.000000 uplift=5.500000 scar_max=1.200000
    Pattern Bhupura: Recall Error = 10.000000
    Pattern Lotus: Recall Error = 7.000000
KPI_K2 lesson=3 noise=0.200 avg_recall_err=8.500000 baseline_recall_err=12.500000 uplift=4.000000 scar_max=1.200000
KPI_K2_LESSON lessons=3 eta=0.2000 duration_sec=0.033 evals_per_sec=60.562
KPI_K2_SUMMARY duration_sec=0.072 max_scar_weight=1.200000 best_uplift=5.500000
[K2] Written: artifacts/k2_summary.json
iter=3 k2_summary=937d073ef7c8ddca16efc87a72605ec8976be8be5ed3438ac7164731851972c2
