KPI_K2_SCAR_WEIGHTS lessons=0 max_abs_delta=0.000000000e0 mean_abs_delta=0.000000000e0 changed_edges=0 total_edges=567
Lessons: 0, Max Scar Weight: 0.000000000e0
    Pattern Bhupura: Recall Error = 4.000000
    Pattern Lotus: Recall Error = 5.000000
KPI_K2 lesson=0 noise=0.100 avg_recall_err=4.500000 baseline_recall_err=4.500000 uplift=0.000000 scar_max=0.000000
    Pattern Bhupura: Recall Error = 4.000000
    Pattern Lotus: Recall Error = 6.000000
KPI_K2 lesson=0 noise=0.200 avg_recall_err=5.000000 baseline_recall_err=5.000000 uplift=0.000000 scar_max=0.000000
KPI_K2_LESSON lessons=0 eta=0.2000 duration_sec=0.095 evals_per_sec=21.149
KPI_K2_SCAR_WEIGHTS lessons=3 max_abs_delta=1.200000000e0 mean_abs_delta=1.200000000e0 changed_edges=567 total_edges=567
Lessons: 3, Max Scar Weight: 1.200000000e0
    Pattern Bhupura: Recall Error = 2.000000
    Pattern Lotus: Recall Error = 0.000000
KPI_K2 lesson=3 noise=0.100 avg_recall_err=1.000000 baseline_recall_err=4.500000 uplift=3.500000 scar_max=1.200000
    Pattern Bhupura: Recall Error = 2.000000
    Pattern Lotus: Recall Error = 0.000000
KPI_K2 lesson=3 noise=0.200 avg_recall_err=1.000000 baseline_recall_err=5.000000 uplift=4.000000 scar_max=1.200000
KPI_K2_LESSON lessons=3 eta=0.2000 duration_sec=0.107 evals_per_sec=18.698
KPI_K2_SUMMARY duration_sec=0.209 max_scar_weight=1.200000 best_uplift=4.000000
[K2] Written: artifacts/k2_summary.json
iter=1 k2_summary=6288185d5740f356a53d1396d41c64f13cf277d6411f09bd01b2ab151c1cf78d
KPI_K2_SCAR_WEIGHTS lessons=0 max_abs_delta=0.000000000e0 mean_abs_delta=0.000000000e0 changed_edges=0 total_edges=567
Lessons: 0, Max Scar Weight: 0.000000000e0
    Pattern Bhupura: Recall Error = 4.000000
    Pattern Lotus: Recall Error = 5.000000
KPI_K2 lesson=0 noise=0.100 avg_recall_err=4.500000 baseline_recall_err=4.500000 uplift=0.000000 scar_max=0.000000
    Pattern Bhupura: Recall Error = 4.000000
    Pattern Lotus: Recall Error = 6.000000
KPI_K2 lesson=0 noise=0.200 avg_recall_err=5.000000 baseline_recall_err=5.000000 uplift=0.000000 scar_max=0.000000
KPI_K2_LESSON lessons=0 eta=0.2000 duration_sec=0.099 evals_per_sec=20.168
KPI_K2_SCAR_WEIGHTS lessons=3 max_abs_delta=1.200000000e0 mean_abs_delta=1.200000000e0 changed_edges=567 total_edges=567
Lessons: 3, Max Scar Weight: 1.200000000e0
    Pattern Bhupura: Recall Error = 2.000000
    Pattern Lotus: Recall Error = 0.000000
KPI_K2 lesson=3 noise=0.100 avg_recall_err=1.000000 baseline_recall_err=4.500000 uplift=3.500000 scar_max=1.200000
    Pattern Bhupura: Recall Error = 2.000000
    Pattern Lotus: Recall Error = 0.000000
KPI_K2 lesson=3 noise=0.200 avg_recall_err=1.000000 baseline_recall_err=5.000000 uplift=4.000000 scar_max=1.200000
KPI_K2_LESSON lessons=3 eta=0.2000 duration_sec=0.114 evals_per_sec=17.569
KPI_K2_SUMMARY duration_sec=0.220 max_scar_weight=1.200000 best_uplift=4.000000
[K2] Written: artifacts/k2_summary.json
iter=2 k2_summary=6288185d5740f356a53d1396d41c64f13cf277d6411f09bd01b2ab151c1cf78d
KPI_K2_SCAR_WEIGHTS lessons=0 max_abs_delta=0.000000000e0 mean_abs_delta=0.000000000e0 changed_edges=0 total_edges=567
Lessons: 0, Max Scar Weight: 0.000000000e0
    Pattern Bhupura: Recall Error = 4.000000
    Pattern Lotus: Recall Error = 5.000000
KPI_K2 lesson=0 noise=0.100 avg_recall_err=4.500000 baseline_recall_err=4.500000 uplift=0.000000 scar_max=0.000000
    Pattern Bhupura: Recall Error = 4.000000
    Pattern Lotus: Recall Error = 6.000000
KPI_K2 lesson=0 noise=0.200 avg_recall_err=5.000000 baseline_recall_err=5.000000 uplift=0.000000 scar_max=0.000000
KPI_K2_LESSON lessons=0 eta=0.2000 duration_sec=0.105 evals_per_sec=19.038
KPI_K2_SCAR_WEIGHTS lessons=3 max_abs_delta=1.200000000e0 mean_abs_delta=1.200000000e0 changed_edges=567 total_edges=567
Lessons: 3, Max Scar Weight: 1.200000000e0
    Pattern Bhupura: Recall Error = 2.000000
    Pattern Lotus: Recall Error = 0.000000
KPI_K2 lesson=3 noise=0.100 avg_recall_err=1.000000 baseline_recall_err=4.500000 uplift=3.500000 scar_max=1.200000
    Pattern Bhupura: Recall Error = 2.000000
    Pattern Lotus: Recall Error = 0.000000
KPI_K2 lesson=3 noise=0.200 avg_recall_err=1.000000 baseline_recall_err=5.000000 uplift=4.000000 scar_max=1.200000
KPI_K2_LESSON lessons=3 eta=0.2000 duration_sec=0.155 evals_per_sec=12.926
KPI_K2_SUMMARY duration_sec=0.269 max_scar_weight=1.200000 best_uplift=4.000000
[K2] Written: artifacts/k2_summary.json
iter=3 k2_summary=6288185d5740f356a53d1396d41c64f13cf277d6411f09bd01b2ab151c1cf78d
