20260427T225041Z thermal_coordinator started parent_pid=28175 ceiling=70C poll=5s
20260427T225043Z poll temp=C throttle_active=0
20260427T225048Z thermal_coordinator started parent_pid=30174 ceiling=70C poll=5s
20260427T225051Z poll temp=C throttle_active=0
20260427T225056Z stop flag found; exiting
20260427T225058Z thermal_coordinator started parent_pid=8866 ceiling=70C poll=5s
20260427T225100Z poll temp=C throttle_active=0
20260427T225107Z poll temp=C throttle_active=0
20260427T225114Z poll temp=C throttle_active=0
20260427T225122Z poll temp=C throttle_active=0
20260427T225250Z thermal_coordinator started parent_pid=15317 ceiling=70C poll=5s
20260427T225252Z poll temp=C throttle_active=0
20260427T225259Z poll temp=C throttle_active=0
20260427T225306Z poll temp=C throttle_active=0
20260427T225313Z poll temp=C throttle_active=0
20260427T225321Z poll temp=C throttle_active=0
20260427T225329Z poll temp=C throttle_active=0
20260427T225336Z poll temp=C throttle_active=0
20260427T225343Z poll temp=C throttle_active=0
20260427T225350Z poll temp=C throttle_active=0
20260427T225357Z poll temp=C throttle_active=0
20260427T225404Z poll temp=C throttle_active=0
20260427T225411Z poll temp=C throttle_active=0
20260427T225418Z poll temp=C throttle_active=0
20260427T225425Z poll temp=C throttle_active=0
20260427T225433Z poll temp=C throttle_active=0
20260427T225440Z poll temp=C throttle_active=0
20260427T225447Z poll temp=C throttle_active=0
20260427T225454Z poll temp=C throttle_active=0
20260427T225501Z poll temp=C throttle_active=0
20260427T225508Z poll temp=C throttle_active=0
20260427T225515Z poll temp=C throttle_active=0
20260427T225522Z poll temp=C throttle_active=0
20260427T225529Z poll temp=C throttle_active=0
20260427T225536Z poll temp=C throttle_active=0
20260427T225543Z poll temp=C throttle_active=0
20260427T225551Z poll temp=C throttle_active=0
20260427T225558Z poll temp=C throttle_active=0
20260427T225605Z poll temp=C throttle_active=0
20260427T225612Z poll temp=C throttle_active=0
20260427T225619Z poll temp=C throttle_active=0
20260427T225626Z poll temp=C throttle_active=0
20260427T225633Z poll temp=C throttle_active=0
20260427T225640Z poll temp=C throttle_active=0
20260427T225647Z poll temp=C throttle_active=0
20260427T225655Z poll temp=C throttle_active=0
20260427T225703Z poll temp=C throttle_active=0
20260427T225710Z poll temp=C throttle_active=0
20260427T225717Z poll temp=C throttle_active=0
20260427T225724Z poll temp=C throttle_active=0
20260427T225731Z poll temp=C throttle_active=0
20260427T225739Z poll temp=C throttle_active=0
20260427T225746Z poll temp=C throttle_active=0
20260427T225753Z poll temp=C throttle_active=0
20260427T225801Z poll temp=C throttle_active=0
20260427T225808Z poll temp=C throttle_active=0
20260427T225816Z poll temp=C throttle_active=0
20260427T225823Z poll temp=C throttle_active=0
20260427T225831Z poll temp=C throttle_active=0
20260427T225838Z poll temp=C throttle_active=0
20260427T225845Z poll temp=C throttle_active=0
20260427T225852Z poll temp=C throttle_active=0
20260427T225900Z poll temp=C throttle_active=0
20260427T225907Z poll temp=C throttle_active=0
20260427T225914Z poll temp=C throttle_active=0
20260427T225922Z poll temp=C throttle_active=0
20260427T225929Z poll temp=C throttle_active=0
20260427T225937Z poll temp=C throttle_active=0
20260427T225944Z poll temp=C throttle_active=0
20260427T225951Z poll temp=C throttle_active=0
20260427T225958Z poll temp=C throttle_active=0
20260427T230005Z poll temp=C throttle_active=0
20260427T230011Z poll temp=C throttle_active=0
20260427T230018Z poll temp=C throttle_active=0
20260427T230025Z poll temp=C throttle_active=0
20260427T230033Z poll temp=C throttle_active=0
20260427T230041Z poll temp=C throttle_active=0
20260427T230048Z poll temp=C throttle_active=0
20260427T230055Z poll temp=C throttle_active=0
20260427T230102Z poll temp=C throttle_active=0
20260427T230109Z poll temp=C throttle_active=0
20260427T230116Z poll temp=C throttle_active=0
20260427T230123Z poll temp=C throttle_active=0
20260427T230130Z poll temp=C throttle_active=0
20260427T230136Z poll temp=C throttle_active=0
20260427T230144Z poll temp=C throttle_active=0
20260427T230152Z poll temp=C throttle_active=0
20260427T230159Z poll temp=C throttle_active=0
20260427T230206Z poll temp=C throttle_active=0
20260427T230213Z poll temp=C throttle_active=0
20260427T230220Z poll temp=C throttle_active=0
20260427T230227Z poll temp=C throttle_active=0
20260427T230235Z poll temp=C throttle_active=0
20260427T230242Z poll temp=C throttle_active=0
20260427T230249Z poll temp=C throttle_active=0
20260427T230256Z poll temp=C throttle_active=0
20260427T230303Z poll temp=C throttle_active=0
20260427T230310Z poll temp=C throttle_active=0
20260427T230317Z poll temp=C throttle_active=0
20260427T230324Z poll temp=C throttle_active=0
20260427T230330Z thermal_coordinator started parent_pid=22500 ceiling=70C poll=5s
20260427T230332Z poll temp=C throttle_active=0
20260427T230339Z poll temp=C throttle_active=0
20260427T230346Z poll temp=C throttle_active=0
20260427T230353Z poll temp=C throttle_active=0
20260427T230401Z poll temp=C throttle_active=0
20260427T230408Z poll temp=C throttle_active=0
20260427T230416Z poll temp=C throttle_active=0
20260427T230423Z poll temp=C throttle_active=0
20260427T230429Z poll temp=C throttle_active=0
20260427T230436Z poll temp=C throttle_active=0
20260427T230443Z poll temp=C throttle_active=0
20260427T230450Z poll temp=C throttle_active=0
20260427T230457Z poll temp=C throttle_active=0
20260427T230504Z poll temp=C throttle_active=0
20260427T230511Z poll temp=C throttle_active=0
20260427T230519Z poll temp=C throttle_active=0
20260427T230526Z poll temp=C throttle_active=0
20260427T230533Z poll temp=C throttle_active=0
20260427T230540Z poll temp=C throttle_active=0
20260427T230547Z poll temp=C throttle_active=0
20260427T230554Z poll temp=C throttle_active=0
20260427T230602Z poll temp=C throttle_active=0
20260427T230609Z poll temp=C throttle_active=0
20260427T230616Z poll temp=C throttle_active=0
20260427T230623Z poll temp=C throttle_active=0
20260427T230631Z poll temp=C throttle_active=0
20260427T230638Z poll temp=C throttle_active=0
20260427T230646Z poll temp=C throttle_active=0
20260427T230653Z poll temp=C throttle_active=0
20260427T230700Z poll temp=C throttle_active=0
20260427T230706Z poll temp=C throttle_active=0
20260427T230713Z poll temp=C throttle_active=0
20260427T230719Z poll temp=C throttle_active=0
20260427T230726Z poll temp=C throttle_active=0
20260427T230734Z poll temp=C throttle_active=0
20260427T230741Z poll temp=C throttle_active=0
20260427T230749Z poll temp=C throttle_active=0
20260427T230755Z poll temp=C throttle_active=0
20260427T230803Z poll temp=C throttle_active=0
20260427T230810Z poll temp=C throttle_active=0
20260427T230817Z poll temp=C throttle_active=0
20260427T230824Z poll temp=C throttle_active=0
20260427T230831Z poll temp=C throttle_active=0
20260427T230839Z poll temp=C throttle_active=0
20260427T230846Z poll temp=C throttle_active=0
20260427T230853Z poll temp=C throttle_active=0
20260427T230900Z poll temp=C throttle_active=0
20260427T230907Z poll temp=C throttle_active=0
20260427T230915Z poll temp=C throttle_active=0
20260427T230922Z poll temp=C throttle_active=0
20260427T230929Z poll temp=C throttle_active=0
20260427T230935Z poll temp=C throttle_active=0
20260427T230942Z poll temp=C throttle_active=0
20260427T230949Z poll temp=C throttle_active=0
20260427T230956Z poll temp=C throttle_active=0
20260427T231003Z poll temp=C throttle_active=0
20260427T231010Z poll temp=C throttle_active=0
20260427T231017Z poll temp=C throttle_active=0
20260427T231024Z poll temp=C throttle_active=0
20260427T231031Z poll temp=C throttle_active=0
20260427T231038Z poll temp=C throttle_active=0
20260427T231045Z poll temp=C throttle_active=0
20260427T231052Z poll temp=C throttle_active=0
20260427T231059Z poll temp=C throttle_active=0
20260427T231106Z poll temp=C throttle_active=0
20260427T231113Z poll temp=C throttle_active=0
20260427T231120Z poll temp=C throttle_active=0
20260427T231127Z poll temp=C throttle_active=0
20260427T231135Z poll temp=C throttle_active=0
20260427T231141Z poll temp=C throttle_active=0
20260427T231148Z poll temp=C throttle_active=0
20260427T231155Z poll temp=C throttle_active=0
20260427T231201Z poll temp=C throttle_active=0
20260427T231208Z poll temp=C throttle_active=0
20260427T231216Z poll temp=C throttle_active=0
20260427T231222Z poll temp=C throttle_active=0
20260427T231230Z poll temp=C throttle_active=0
20260427T231237Z poll temp=C throttle_active=0
20260427T231244Z poll temp=C throttle_active=0
20260427T231251Z poll temp=C throttle_active=0
20260427T231259Z poll temp=C throttle_active=0
20260427T231306Z poll temp=C throttle_active=0
20260427T231313Z poll temp=C throttle_active=0
20260427T231320Z poll temp=C throttle_active=0
20260427T231327Z poll temp=C throttle_active=0
20260427T231334Z poll temp=C throttle_active=0
20260427T231342Z poll temp=C throttle_active=0
20260427T231349Z poll temp=C throttle_active=0
20260427T231356Z poll temp=C throttle_active=0
20260427T231403Z poll temp=C throttle_active=0
20260427T231411Z poll temp=C throttle_active=0
20260427T231417Z poll temp=C throttle_active=0
20260427T231424Z poll temp=C throttle_active=0
20260427T231431Z poll temp=C throttle_active=0
20260427T231438Z poll temp=C throttle_active=0
20260427T231445Z poll temp=C throttle_active=0
20260427T231453Z poll temp=C throttle_active=0
20260427T231500Z poll temp=C throttle_active=0
20260427T231507Z poll temp=C throttle_active=0
20260427T231514Z poll temp=C throttle_active=0
20260427T231522Z poll temp=C throttle_active=0
20260427T231529Z poll temp=C throttle_active=0
20260427T231536Z poll temp=C throttle_active=0
20260427T231543Z poll temp=C throttle_active=0
20260427T231550Z poll temp=C throttle_active=0
20260427T231558Z poll temp=C throttle_active=0
20260427T231605Z poll temp=C throttle_active=0
20260427T231612Z poll temp=C throttle_active=0
20260427T231619Z poll temp=C throttle_active=0
20260427T231627Z poll temp=C throttle_active=0
20260427T231634Z poll temp=C throttle_active=0
20260427T231641Z poll temp=C throttle_active=0
20260427T231648Z poll temp=C throttle_active=0
20260427T231655Z poll temp=C throttle_active=0
20260427T231702Z poll temp=C throttle_active=0
20260427T231709Z poll temp=C throttle_active=0
20260427T231716Z poll temp=C throttle_active=0
20260427T231724Z poll temp=C throttle_active=0
20260427T231731Z poll temp=C throttle_active=0
20260427T231738Z poll temp=C throttle_active=0
20260427T231745Z poll temp=C throttle_active=0
20260427T231752Z poll temp=C throttle_active=0
20260427T231759Z poll temp=C throttle_active=0
20260427T231806Z poll temp=C throttle_active=0
20260427T231813Z poll temp=C throttle_active=0
20260427T231820Z poll temp=C throttle_active=0
20260427T231828Z poll temp=C throttle_active=0
20260427T231835Z poll temp=C throttle_active=0
20260427T231842Z poll temp=C throttle_active=0
20260427T231850Z poll temp=C throttle_active=0
20260427T231857Z poll temp=C throttle_active=0
20260427T231904Z poll temp=C throttle_active=0
20260427T231911Z poll temp=C throttle_active=0
20260427T231918Z poll temp=C throttle_active=0
20260427T231925Z poll temp=C throttle_active=0
20260427T231931Z poll temp=C throttle_active=0
20260427T231938Z poll temp=C throttle_active=0
20260427T231946Z poll temp=C throttle_active=0
20260427T231953Z poll temp=C throttle_active=0
20260427T232000Z poll temp=C throttle_active=0
20260427T232006Z poll temp=C throttle_active=0
20260427T232013Z poll temp=C throttle_active=0
20260427T232020Z poll temp=C throttle_active=0
20260427T232027Z poll temp=C throttle_active=0
20260427T232034Z poll temp=C throttle_active=0
20260427T232041Z poll temp=C throttle_active=0
20260427T232049Z poll temp=C throttle_active=0
20260427T232057Z poll temp=C throttle_active=0
20260427T232104Z poll temp=C throttle_active=0
20260427T232111Z poll temp=C throttle_active=0
20260427T232118Z poll temp=C throttle_active=0
20260427T232125Z poll temp=C throttle_active=0
20260427T232132Z poll temp=C throttle_active=0
20260427T232139Z poll temp=C throttle_active=0
20260427T232146Z poll temp=C throttle_active=0
20260427T232152Z poll temp=C throttle_active=0
20260427T232200Z poll temp=C throttle_active=0
20260427T232207Z poll temp=C throttle_active=0
20260427T232215Z poll temp=C throttle_active=0
20260427T232222Z poll temp=C throttle_active=0
20260427T232229Z poll temp=C throttle_active=0
20260427T232236Z poll temp=C throttle_active=0
20260427T232243Z poll temp=C throttle_active=0
20260427T232250Z poll temp=C throttle_active=0
20260427T232257Z poll temp=C throttle_active=0
20260427T232305Z poll temp=C throttle_active=0
20260427T232312Z poll temp=C throttle_active=0
20260427T232320Z poll temp=C throttle_active=0
20260427T232327Z poll temp=C throttle_active=0
20260427T232334Z poll temp=C throttle_active=0
20260427T232341Z poll temp=C throttle_active=0
20260427T232349Z poll temp=C throttle_active=0
20260427T232355Z poll temp=C throttle_active=0
20260427T232403Z poll temp=C throttle_active=0
20260427T232410Z poll temp=C throttle_active=0
20260427T232417Z poll temp=C throttle_active=0
20260427T232424Z poll temp=C throttle_active=0
20260427T232431Z poll temp=C throttle_active=0
20260427T232437Z poll temp=C throttle_active=0
20260427T232445Z poll temp=C throttle_active=0
20260427T232452Z poll temp=C throttle_active=0
20260427T232459Z poll temp=C throttle_active=0
20260427T232506Z poll temp=C throttle_active=0
20260427T232513Z poll temp=C throttle_active=0
20260427T232520Z poll temp=C throttle_active=0
20260427T232527Z poll temp=C throttle_active=0
20260427T232534Z poll temp=C throttle_active=0
20260427T232542Z poll temp=C throttle_active=0
20260427T232549Z poll temp=C throttle_active=0
20260427T232556Z poll temp=C throttle_active=0
20260427T232603Z poll temp=C throttle_active=0
20260427T232610Z poll temp=C throttle_active=0
20260427T232617Z poll temp=C throttle_active=0
20260427T232624Z poll temp=C throttle_active=0
20260427T232631Z poll temp=C throttle_active=0
20260427T232637Z poll temp=C throttle_active=0
20260427T232644Z poll temp=C throttle_active=0
20260427T232651Z poll temp=C throttle_active=0
20260427T232658Z poll temp=C throttle_active=0
20260427T232705Z poll temp=C throttle_active=0
20260427T232713Z poll temp=C throttle_active=0
20260427T232719Z poll temp=C throttle_active=0
20260427T233043Z poll temp=C throttle_active=0
20260427T234555Z poll temp=C throttle_active=0
20260427T234609Z poll temp=C throttle_active=0
20260427T234621Z poll temp=C throttle_active=0
20260427T234634Z poll temp=C throttle_active=0
20260427T234645Z poll temp=C throttle_active=0
20260427T234657Z poll temp=C throttle_active=0
20260427T234709Z poll temp=C throttle_active=0
20260427T234721Z poll temp=C throttle_active=0
20260427T234733Z poll temp=C throttle_active=0
20260427T234746Z poll temp=C throttle_active=0
20260427T234759Z poll temp=C throttle_active=0
20260427T234811Z poll temp=C throttle_active=0
20260427T234822Z poll temp=C throttle_active=0
20260427T234834Z poll temp=C throttle_active=0
20260427T234846Z poll temp=C throttle_active=0
20260427T234857Z poll temp=C throttle_active=0
20260427T235845Z poll temp=C throttle_active=0
20260428T000331Z poll temp=C throttle_active=0
20260428T001128Z poll temp=C throttle_active=0
20260428T001637Z poll temp=C throttle_active=0
20260428T001649Z poll temp=C throttle_active=0
20260428T001700Z poll temp=C throttle_active=0
20260428T001736Z poll temp=C throttle_active=0
20260428T001743Z poll temp=C throttle_active=0
20260428T001749Z poll temp=C throttle_active=0
20260428T001755Z poll temp=C throttle_active=0
20260428T001802Z poll temp=C throttle_active=0
20260428T001809Z poll temp=C throttle_active=0
20260428T001815Z poll temp=C throttle_active=0
20260428T001821Z poll temp=C throttle_active=0
20260428T001828Z poll temp=C throttle_active=0
20260428T001846Z poll temp=C throttle_active=0
20260428T001853Z poll temp=C throttle_active=0
20260428T001859Z poll temp=C throttle_active=0
20260428T001906Z poll temp=C throttle_active=0
20260428T001912Z poll temp=C throttle_active=0
20260428T001919Z poll temp=C throttle_active=0
20260428T001925Z poll temp=C throttle_active=0
20260428T001932Z poll temp=C throttle_active=0
20260428T001938Z poll temp=C throttle_active=0
20260428T001945Z poll temp=C throttle_active=0
20260428T001952Z poll temp=C throttle_active=0
20260428T001958Z poll temp=C throttle_active=0
20260428T002005Z poll temp=C throttle_active=0
20260428T002011Z poll temp=C throttle_active=0
20260428T002018Z poll temp=C throttle_active=0
20260428T002025Z poll temp=C throttle_active=0
20260428T002033Z poll temp=C throttle_active=0
20260428T002040Z poll temp=C throttle_active=0
20260428T002047Z poll temp=C throttle_active=0
20260428T002054Z poll temp=C throttle_active=0
20260428T002101Z poll temp=C throttle_active=0
20260428T002108Z poll temp=C throttle_active=0
20260428T002115Z poll temp=C throttle_active=0
20260428T002122Z poll temp=C throttle_active=0
20260428T002128Z poll temp=C throttle_active=0
20260428T002135Z poll temp=C throttle_active=0
20260428T002143Z poll temp=C throttle_active=0
20260428T002150Z poll temp=C throttle_active=0
20260428T002157Z poll temp=C throttle_active=0
20260428T002205Z poll temp=C throttle_active=0
20260428T002212Z poll temp=C throttle_active=0
20260428T002219Z poll temp=C throttle_active=0
20260428T002226Z poll temp=C throttle_active=0
20260428T002234Z poll temp=C throttle_active=0
20260428T002240Z poll temp=C throttle_active=0
20260428T002248Z poll temp=C throttle_active=0
20260428T002256Z poll temp=C throttle_active=0
20260428T002303Z poll temp=C throttle_active=0
20260428T002310Z poll temp=C throttle_active=0
20260428T002317Z poll temp=C throttle_active=0
20260428T002325Z poll temp=C throttle_active=0
20260428T002332Z poll temp=C throttle_active=0
20260428T002339Z poll temp=C throttle_active=0
20260428T002346Z poll temp=C throttle_active=0
20260428T002353Z poll temp=C throttle_active=0
20260428T002401Z poll temp=C throttle_active=0
20260428T002409Z poll temp=C throttle_active=0
20260428T002416Z poll temp=C throttle_active=0
20260428T002423Z poll temp=C throttle_active=0
20260428T002430Z poll temp=C throttle_active=0
20260428T002437Z poll temp=C throttle_active=0
20260428T002444Z poll temp=C throttle_active=0
20260428T002451Z poll temp=C throttle_active=0
20260428T002458Z poll temp=C throttle_active=0
20260428T002505Z poll temp=C throttle_active=0
20260428T002513Z poll temp=C throttle_active=0
20260428T002521Z poll temp=C throttle_active=0
20260428T002528Z poll temp=C throttle_active=0
20260428T002535Z poll temp=C throttle_active=0
20260428T002542Z poll temp=C throttle_active=0
20260428T002549Z poll temp=C throttle_active=0
20260428T002556Z poll temp=C throttle_active=0
20260428T002602Z poll temp=C throttle_active=0
20260428T002608Z poll temp=C throttle_active=0
20260428T002615Z poll temp=C throttle_active=0
20260428T002622Z poll temp=C throttle_active=0
20260428T002629Z poll temp=C throttle_active=0
20260428T002636Z poll temp=C throttle_active=0
20260428T002643Z poll temp=C throttle_active=0
20260428T002650Z poll temp=C throttle_active=0
20260428T002657Z poll temp=C throttle_active=0
20260428T002704Z poll temp=C throttle_active=0
20260428T002711Z poll temp=C throttle_active=0
20260428T002719Z poll temp=C throttle_active=0
20260428T002726Z poll temp=C throttle_active=0
20260428T002733Z poll temp=C throttle_active=0
20260428T002741Z poll temp=C throttle_active=0
20260428T002748Z poll temp=C throttle_active=0
20260428T002755Z poll temp=C throttle_active=0
20260428T002801Z poll temp=C throttle_active=0
20260428T002808Z poll temp=C throttle_active=0
20260428T002815Z poll temp=C throttle_active=0
20260428T002822Z poll temp=C throttle_active=0
20260428T002829Z poll temp=C throttle_active=0
20260428T002836Z poll temp=C throttle_active=0
20260428T002843Z poll temp=C throttle_active=0
20260428T002851Z poll temp=C throttle_active=0
20260428T002858Z poll temp=C throttle_active=0
20260428T002905Z poll temp=C throttle_active=0
20260428T002913Z poll temp=C throttle_active=0
20260428T002919Z poll temp=C throttle_active=0
20260428T002927Z poll temp=C throttle_active=0
20260428T002934Z poll temp=C throttle_active=0
20260428T002941Z poll temp=C throttle_active=0
20260428T002948Z poll temp=C throttle_active=0
20260428T002955Z poll temp=C throttle_active=0
20260428T003003Z poll temp=C throttle_active=0
20260428T003010Z poll temp=C throttle_active=0
20260428T003017Z poll temp=C throttle_active=0
20260428T003023Z poll temp=C throttle_active=0
20260428T003030Z poll temp=C throttle_active=0
20260428T003037Z poll temp=C throttle_active=0
20260428T003044Z poll temp=C throttle_active=0
20260428T003051Z poll temp=C throttle_active=0
20260428T003059Z poll temp=C throttle_active=0
20260428T003105Z poll temp=C throttle_active=0
20260428T003113Z poll temp=C throttle_active=0
20260428T003120Z poll temp=C throttle_active=0
20260428T003127Z poll temp=C throttle_active=0
20260428T003134Z poll temp=C throttle_active=0
20260428T003141Z poll temp=C throttle_active=0
20260428T003148Z poll temp=C throttle_active=0
20260428T003155Z poll temp=C throttle_active=0
20260428T003202Z poll temp=C throttle_active=0
20260428T003209Z poll temp=C throttle_active=0
20260428T003217Z poll temp=C throttle_active=0
20260428T003224Z poll temp=C throttle_active=0
20260428T003231Z poll temp=C throttle_active=0
20260428T003237Z poll temp=C throttle_active=0
20260428T003243Z poll temp=C throttle_active=0
20260428T003250Z poll temp=C throttle_active=0
20260428T003258Z poll temp=C throttle_active=0
20260428T003304Z poll temp=C throttle_active=0
20260428T003311Z poll temp=C throttle_active=0
20260428T003318Z poll temp=C throttle_active=0
20260428T003326Z poll temp=C throttle_active=0
20260428T003333Z poll temp=C throttle_active=0
20260428T003341Z poll temp=C throttle_active=0
20260428T003348Z poll temp=C throttle_active=0
20260428T003355Z poll temp=C throttle_active=0
20260428T003402Z poll temp=C throttle_active=0
20260428T003409Z poll temp=C throttle_active=0
20260428T003416Z poll temp=C throttle_active=0
20260428T003424Z poll temp=C throttle_active=0
20260428T003431Z poll temp=C throttle_active=0
20260428T003438Z poll temp=C throttle_active=0
20260428T003445Z poll temp=C throttle_active=0
20260428T003451Z poll temp=C throttle_active=0
20260428T003458Z poll temp=C throttle_active=0
20260428T003506Z poll temp=C throttle_active=0
20260428T003513Z poll temp=C throttle_active=0
20260428T003520Z poll temp=C throttle_active=0
20260428T003527Z poll temp=C throttle_active=0
20260428T003535Z poll temp=C throttle_active=0
20260428T003542Z poll temp=C throttle_active=0
20260428T003549Z poll temp=C throttle_active=0
20260428T003556Z poll temp=C throttle_active=0
20260428T003604Z poll temp=C throttle_active=0
20260428T003611Z poll temp=C throttle_active=0
20260428T003618Z poll temp=C throttle_active=0
20260428T003625Z poll temp=C throttle_active=0
20260428T003632Z poll temp=C throttle_active=0
20260428T003639Z poll temp=C throttle_active=0
20260428T003646Z poll temp=C throttle_active=0
20260428T003654Z poll temp=C throttle_active=0
20260428T003701Z poll temp=C throttle_active=0
20260428T003709Z poll temp=C throttle_active=0
20260428T003716Z poll temp=C throttle_active=0
20260428T003723Z poll temp=C throttle_active=0
20260428T003730Z poll temp=C throttle_active=0
20260428T003737Z poll temp=C throttle_active=0
20260428T003744Z poll temp=C throttle_active=0
20260428T003752Z poll temp=C throttle_active=0
20260428T003759Z poll temp=C throttle_active=0
20260428T003806Z poll temp=C throttle_active=0
20260428T003813Z poll temp=C throttle_active=0
20260428T003821Z poll temp=C throttle_active=0
20260428T003828Z poll temp=C throttle_active=0
20260428T003835Z poll temp=C throttle_active=0
20260428T003842Z poll temp=C throttle_active=0
20260428T003850Z poll temp=C throttle_active=0
20260428T003857Z poll temp=C throttle_active=0
20260428T003904Z poll temp=C throttle_active=0
20260428T003911Z poll temp=C throttle_active=0
20260428T003918Z poll temp=C throttle_active=0
20260428T003925Z poll temp=C throttle_active=0
20260428T003933Z poll temp=C throttle_active=0
20260428T003940Z poll temp=C throttle_active=0
20260428T003948Z poll temp=C throttle_active=0
20260428T003955Z poll temp=C throttle_active=0
20260428T004002Z poll temp=C throttle_active=0
20260428T004010Z poll temp=C throttle_active=0
20260428T004017Z poll temp=C throttle_active=0
20260428T004024Z poll temp=C throttle_active=0
20260428T004032Z poll temp=C throttle_active=0
20260428T004039Z poll temp=C throttle_active=0
20260428T004047Z poll temp=C throttle_active=0
20260428T004054Z poll temp=C throttle_active=0
20260428T004101Z poll temp=C throttle_active=0
20260428T004108Z poll temp=C throttle_active=0
20260428T004115Z poll temp=C throttle_active=0
20260428T004122Z poll temp=C throttle_active=0
20260428T004130Z poll temp=C throttle_active=0
20260428T004137Z poll temp=C throttle_active=0
20260428T004144Z poll temp=C throttle_active=0
20260428T004151Z poll temp=C throttle_active=0
20260428T004159Z poll temp=C throttle_active=0
20260428T004206Z poll temp=C throttle_active=0
20260428T004213Z poll temp=C throttle_active=0
20260428T004221Z poll temp=C throttle_active=0
20260428T004228Z poll temp=C throttle_active=0
20260428T004235Z poll temp=C throttle_active=0
20260428T004243Z poll temp=C throttle_active=0
20260428T004250Z poll temp=C throttle_active=0
20260428T004257Z poll temp=C throttle_active=0
20260428T004305Z poll temp=C throttle_active=0
20260428T004313Z poll temp=C throttle_active=0
20260428T004320Z poll temp=C throttle_active=0
20260428T004327Z poll temp=C throttle_active=0
20260428T004335Z poll temp=C throttle_active=0
20260428T004342Z poll temp=C throttle_active=0
20260428T004350Z poll temp=C throttle_active=0
20260428T004357Z poll temp=C throttle_active=0
20260428T004405Z poll temp=C throttle_active=0
20260428T004412Z poll temp=C throttle_active=0
20260428T004420Z poll temp=C throttle_active=0
20260428T004427Z poll temp=C throttle_active=0
20260428T004435Z poll temp=C throttle_active=0
20260428T004442Z poll temp=C throttle_active=0
20260428T004449Z poll temp=C throttle_active=0
20260428T004457Z poll temp=C throttle_active=0
20260428T004504Z poll temp=C throttle_active=0
20260428T004512Z poll temp=C throttle_active=0
20260428T004519Z poll temp=C throttle_active=0
20260428T004527Z poll temp=C throttle_active=0
20260428T004535Z poll temp=C throttle_active=0
20260428T004542Z poll temp=C throttle_active=0
20260428T004549Z poll temp=C throttle_active=0
20260428T004557Z poll temp=C throttle_active=0
20260428T004604Z poll temp=C throttle_active=0
20260428T004611Z poll temp=C throttle_active=0
20260428T004618Z poll temp=C throttle_active=0
20260428T004625Z poll temp=C throttle_active=0
20260428T004633Z poll temp=C throttle_active=0
20260428T004640Z poll temp=C throttle_active=0
20260428T004647Z poll temp=C throttle_active=0
20260428T004655Z poll temp=C throttle_active=0
20260428T004701Z poll temp=C throttle_active=0
20260428T004708Z poll temp=C throttle_active=0
20260428T004715Z poll temp=C throttle_active=0
20260428T004722Z poll temp=C throttle_active=0
20260428T004729Z poll temp=C throttle_active=0
20260428T004736Z poll temp=C throttle_active=0
20260428T004743Z poll temp=C throttle_active=0
20260428T004749Z poll temp=C throttle_active=0
20260428T004814Z thermal_coordinator started parent_pid=14201 ceiling=70C poll=5s
20260428T004817Z poll temp=54C throttle_active=0
20260428T004824Z poll temp=58C throttle_active=0
20260428T004831Z poll temp=57C throttle_active=0
20260428T004836Z thermal_coordinator started parent_pid=15848 ceiling=70C poll=5s
20260428T004838Z poll temp=57C throttle_active=0
20260428T004845Z poll temp=59C throttle_active=0
20260428T004852Z poll temp=59C throttle_active=0
20260428T004900Z poll temp=59C throttle_active=0
20260428T004905Z thermal_coordinator started parent_pid=20138 ceiling=70C poll=5s
20260428T004908Z poll temp=60C throttle_active=0
20260428T004916Z poll temp=59C throttle_active=0
20260428T004923Z poll temp=59C throttle_active=0
20260428T004930Z poll temp=58C throttle_active=0
20260428T004937Z poll temp=49C throttle_active=0
20260428T004942Z thermal_coordinator started parent_pid=22905 ceiling=70C poll=5s
20260428T004945Z poll temp=55C throttle_active=0
20260428T004951Z poll temp=60C throttle_active=0
20260428T004958Z poll temp=58C throttle_active=0
20260428T005005Z poll temp=60C throttle_active=0
20260428T005012Z poll temp=61C throttle_active=0
20260428T005017Z thermal_coordinator started parent_pid=27554 ceiling=70C poll=5s
20260428T005020Z poll temp=57C throttle_active=0
20260428T005027Z poll temp=62C throttle_active=0
20260428T005034Z poll temp=62C throttle_active=0
20260428T005040Z poll temp=62C throttle_active=0
20260428T005047Z poll temp=61C throttle_active=0
20260428T005053Z thermal_coordinator started parent_pid=29696 ceiling=70C poll=5s
20260428T005055Z poll temp=56C throttle_active=0
20260428T005102Z poll temp=59C throttle_active=0
20260428T005109Z poll temp=61C throttle_active=0
20260428T005116Z poll temp=59C throttle_active=0
20260428T005124Z poll temp=62C throttle_active=0
20260428T005129Z thermal_coordinator started parent_pid=2089 ceiling=70C poll=5s
20260428T005131Z poll temp=57C throttle_active=0
20260428T005138Z poll temp=57C throttle_active=0
20260428T005145Z poll temp=60C throttle_active=0
20260428T005152Z poll temp=59C throttle_active=0
20260428T005159Z poll temp=58C throttle_active=0
20260428T005206Z poll temp=54C throttle_active=0
20260428T005212Z thermal_coordinator started parent_pid=7663 ceiling=70C poll=5s
20260428T005214Z poll temp=56C throttle_active=0
20260428T005221Z poll temp=59C throttle_active=0
20260428T005229Z poll temp=61C throttle_active=0
20260428T005237Z poll temp=61C throttle_active=0
20260428T005245Z poll temp=61C throttle_active=0
20260428T005250Z stop flag found; exiting
20260428T005251Z thermal_coordinator started parent_pid=12406 ceiling=70C poll=5s
20260428T005253Z poll temp=57C throttle_active=0
20260428T005259Z poll temp=57C throttle_active=0
20260428T005307Z poll temp=59C throttle_active=0
20260428T005314Z poll temp=58C throttle_active=0
20260428T005321Z poll temp=60C throttle_active=0
20260428T005328Z poll temp=57C throttle_active=0
20260428T005333Z stop flag found; exiting
20260428T005334Z thermal_coordinator started parent_pid=14891 ceiling=70C poll=5s
20260428T005335Z poll temp=56C throttle_active=0
20260428T005343Z poll temp=60C throttle_active=0
20260428T005351Z poll temp=62C throttle_active=0
20260428T005400Z poll temp=60C throttle_active=0
20260428T005407Z poll temp=59C throttle_active=0
20260428T005414Z poll temp=61C throttle_active=0
20260428T005419Z thermal_coordinator started parent_pid=20021 ceiling=70C poll=5s
20260428T005421Z poll temp=56C throttle_active=0
20260428T005427Z poll temp=61C throttle_active=0
20260428T005434Z poll temp=58C throttle_active=0
20260428T005441Z poll temp=59C throttle_active=0
20260428T005448Z poll temp=60C throttle_active=0
20260428T005455Z poll temp=61C throttle_active=0
20260428T005501Z poll temp=60C throttle_active=0
20260428T005507Z thermal_coordinator started parent_pid=24509 ceiling=70C poll=5s
20260428T005510Z poll temp=59C throttle_active=0
20260428T005517Z poll temp=59C throttle_active=0
20260428T005523Z poll temp=59C throttle_active=0
20260428T005531Z poll temp=57C throttle_active=0
20260428T005537Z poll temp=62C throttle_active=0
20260428T005543Z poll temp=59C throttle_active=0
20260428T005549Z poll temp=57C throttle_active=0
20260428T005555Z thermal_coordinator started parent_pid=28182 ceiling=70C poll=5s
20260428T005556Z poll temp=60C throttle_active=0
20260428T005603Z poll temp=61C throttle_active=0
20260428T005610Z poll temp=60C throttle_active=0
20260428T005618Z poll temp=61C throttle_active=0
20260428T005626Z poll temp=61C throttle_active=0
20260428T005632Z poll temp=62C throttle_active=0
20260428T005639Z poll temp=59C throttle_active=0
20260428T005644Z stop flag found; exiting
20260428T005646Z thermal_coordinator started parent_pid=435 ceiling=70C poll=5s
20260428T005647Z poll temp=60C throttle_active=0
20260428T005654Z poll temp=60C throttle_active=0
20260428T005700Z poll temp=61C throttle_active=0
20260428T005707Z poll temp=61C throttle_active=0
20260428T005715Z poll temp=59C throttle_active=0
20260428T005721Z poll temp=58C throttle_active=0
20260428T005730Z poll temp=60C throttle_active=0
20260428T005735Z stop flag found; exiting
20260428T005737Z thermal_coordinator started parent_pid=10343 ceiling=70C poll=5s
20260428T005740Z poll temp=59C throttle_active=0
20260428T005747Z poll temp=59C throttle_active=0
20260428T005753Z poll temp=62C throttle_active=0
20260428T005801Z poll temp=58C throttle_active=0
20260428T005808Z poll temp=58C throttle_active=0
20260428T005814Z poll temp=59C throttle_active=0
20260428T005821Z poll temp=57C throttle_active=0
20260428T005827Z poll temp=58C throttle_active=0
20260428T005833Z stop flag found; exiting
20260428T005834Z thermal_coordinator started parent_pid=13732 ceiling=70C poll=5s
20260428T005836Z poll temp=56C throttle_active=0
20260428T005846Z poll temp=59C throttle_active=0
20260428T005854Z poll temp=60C throttle_active=0
20260428T005901Z poll temp=60C throttle_active=0
20260428T005908Z poll temp=59C throttle_active=0
20260428T005915Z poll temp=62C throttle_active=0
20260428T005921Z poll temp=57C throttle_active=0
20260428T005928Z poll temp=58C throttle_active=0
20260428T005934Z thermal_coordinator started parent_pid=19521 ceiling=70C poll=5s
20260428T005935Z poll temp=56C throttle_active=0
20260428T005942Z poll temp=58C throttle_active=0
20260428T005949Z poll temp=57C throttle_active=0
20260428T005957Z poll temp=60C throttle_active=0
20260428T010006Z poll temp=61C throttle_active=0
20260428T010015Z poll temp=60C throttle_active=0
20260428T010021Z poll temp=61C throttle_active=0
20260428T010028Z poll temp=58C throttle_active=0
20260428T010033Z stop flag found; exiting
20260428T010035Z thermal_coordinator started parent_pid=24798 ceiling=70C poll=5s
20260428T010036Z poll temp=56C throttle_active=0
20260428T010043Z poll temp=60C throttle_active=0
20260428T010049Z poll temp=58C throttle_active=0
20260428T010056Z poll temp=61C throttle_active=0
20260428T010103Z poll temp=60C throttle_active=0
20260428T010110Z poll temp=62C throttle_active=0
20260428T010118Z poll temp=62C throttle_active=0
20260428T010127Z poll temp=60C throttle_active=0
20260428T010134Z poll temp=60C throttle_active=0
20260428T010140Z thermal_coordinator started parent_pid=30469 ceiling=70C poll=5s
20260428T010141Z poll temp=59C throttle_active=0
20260428T010147Z poll temp=62C throttle_active=0
20260428T010154Z poll temp=59C throttle_active=0
20260428T010201Z poll temp=60C throttle_active=0
20260428T010207Z poll temp=61C throttle_active=0
20260428T010214Z poll temp=58C throttle_active=0
20260428T010221Z poll temp=59C throttle_active=0
20260428T010228Z poll temp=61C throttle_active=0
20260428T010236Z poll temp=61C throttle_active=0
20260428T010242Z poll temp=56C throttle_active=0
20260428T010248Z thermal_coordinator started parent_pid=7372 ceiling=70C poll=5s
20260428T010250Z poll temp=56C throttle_active=0
20260428T010257Z poll temp=62C throttle_active=0
20260428T010303Z poll temp=60C throttle_active=0
20260428T010310Z poll temp=61C throttle_active=0
20260428T010317Z poll temp=60C throttle_active=0
20260428T010323Z poll temp=57C throttle_active=0
20260428T010331Z poll temp=58C throttle_active=0
20260428T010337Z poll temp=61C throttle_active=0
20260428T010345Z poll temp=57C throttle_active=0
20260428T010352Z poll temp=63C throttle_active=0
20260428T010358Z thermal_coordinator started parent_pid=13769 ceiling=70C poll=5s
20260428T010400Z poll temp=56C throttle_active=0
20260428T010407Z poll temp=58C throttle_active=0
20260428T010415Z poll temp=58C throttle_active=0
20260428T010422Z poll temp=59C throttle_active=0
20260428T010429Z poll temp=60C throttle_active=0
20260428T010437Z poll temp=58C throttle_active=0
20260428T010444Z poll temp=60C throttle_active=0
20260428T010450Z poll temp=62C throttle_active=0
20260428T010459Z poll temp=58C throttle_active=0
20260428T010507Z poll temp=60C throttle_active=0
20260428T010513Z thermal_coordinator started parent_pid=20052 ceiling=70C poll=5s
20260428T010514Z poll temp=56C throttle_active=0
20260428T010522Z poll temp=60C throttle_active=0
20260428T010529Z poll temp=60C throttle_active=0
20260428T010535Z poll temp=62C throttle_active=0
20260428T010541Z poll temp=62C throttle_active=0
20260428T010549Z poll temp=60C throttle_active=0
20260428T010556Z poll temp=60C throttle_active=0
20260428T010603Z poll temp=60C throttle_active=0
20260428T010610Z poll temp=60C throttle_active=0
20260428T010618Z poll temp=63C throttle_active=0
20260428T010625Z poll temp=61C throttle_active=0
20260428T010630Z thermal_coordinator started parent_pid=26744 ceiling=70C poll=5s
20260428T010632Z poll temp=56C throttle_active=0
20260428T010638Z poll temp=58C throttle_active=0
20260428T010645Z poll temp=58C throttle_active=0
20260428T010652Z poll temp=57C throttle_active=0
20260428T010700Z poll temp=61C throttle_active=0
20260428T010707Z poll temp=59C throttle_active=0
20260428T010714Z poll temp=60C throttle_active=0
20260428T010722Z poll temp=58C throttle_active=0
20260428T010729Z poll temp=62C throttle_active=0
20260428T010738Z poll temp=59C throttle_active=0
20260428T010745Z poll temp=57C throttle_active=0
20260428T010750Z stop flag found; exiting
20260428T010751Z thermal_coordinator started parent_pid=32625 ceiling=70C poll=5s
20260428T010753Z poll temp=57C throttle_active=0
20260428T010800Z poll temp=60C throttle_active=0
20260428T010807Z poll temp=58C throttle_active=0
20260428T010814Z poll temp=59C throttle_active=0
20260428T010821Z poll temp=57C throttle_active=0
20260428T010828Z poll temp=58C throttle_active=0
20260428T010835Z poll temp=57C throttle_active=0
20260428T010844Z poll temp=59C throttle_active=0
20260428T010853Z poll temp=62C throttle_active=0
20260428T010901Z poll temp=59C throttle_active=0
20260428T010908Z poll temp=59C throttle_active=0
20260428T010915Z poll temp=49C throttle_active=0
20260428T010920Z thermal_coordinator started parent_pid=10409 ceiling=70C poll=5s
20260428T010922Z poll temp=59C throttle_active=0
20260428T010929Z poll temp=59C throttle_active=0
20260428T010936Z poll temp=59C throttle_active=0
20260428T010943Z poll temp=60C throttle_active=0
20260428T010950Z poll temp=61C throttle_active=0
20260428T010957Z poll temp=62C throttle_active=0
20260428T011006Z poll temp=61C throttle_active=0
20260428T011014Z poll temp=61C throttle_active=0
20260428T011021Z poll temp=58C throttle_active=0
20260428T011028Z poll temp=57C throttle_active=0
20260428T011034Z poll temp=61C throttle_active=0
20260428T011041Z poll temp=59C throttle_active=0
20260428T011048Z poll temp=50C throttle_active=0
20260428T011053Z thermal_coordinator started parent_pid=17722 ceiling=70C poll=5s
20260428T011055Z poll temp=58C throttle_active=0
20260428T011101Z poll temp=61C throttle_active=0
20260428T011108Z poll temp=57C throttle_active=0
20260428T011115Z poll temp=61C throttle_active=0
20260428T011123Z poll temp=60C throttle_active=0
20260428T011131Z poll temp=62C throttle_active=0
20260428T011139Z poll temp=61C throttle_active=0
20260428T011145Z poll temp=62C throttle_active=0
20260428T011151Z poll temp=62C throttle_active=0
20260428T011158Z poll temp=61C throttle_active=0
20260428T011205Z poll temp=60C throttle_active=0
20260428T011213Z poll temp=58C throttle_active=0
20260428T011219Z poll temp=51C throttle_active=0
20260428T011226Z poll temp=48C throttle_active=0
20260428T011232Z thermal_coordinator started parent_pid=25341 ceiling=70C poll=5s
20260428T011235Z poll temp=58C throttle_active=0
20260428T011244Z poll temp=59C throttle_active=0
20260428T011251Z poll temp=61C throttle_active=0
20260428T011258Z poll temp=60C throttle_active=0
20260428T011306Z poll temp=59C throttle_active=0
20260428T011313Z poll temp=59C throttle_active=0
20260428T011320Z poll temp=60C throttle_active=0
20260428T011327Z poll temp=60C throttle_active=0
20260428T011335Z poll temp=60C throttle_active=0
20260428T011342Z poll temp=61C throttle_active=0
20260428T011350Z poll temp=60C throttle_active=0
20260428T011358Z poll temp=62C throttle_active=0
20260428T011404Z thermal_coordinator started parent_pid=1829 ceiling=70C poll=5s
20260428T011406Z poll temp=57C throttle_active=0
20260428T011412Z poll temp=62C throttle_active=0
20260428T011419Z poll temp=57C throttle_active=0
20260428T011427Z poll temp=59C throttle_active=0
20260428T011434Z poll temp=59C throttle_active=0
20260428T011441Z poll temp=61C throttle_active=0
20260428T011448Z poll temp=59C throttle_active=0
20260428T011455Z poll temp=58C throttle_active=0
20260428T011502Z poll temp=58C throttle_active=0
20260428T011511Z poll temp=61C throttle_active=0
20260428T011518Z poll temp=63C throttle_active=0
20260428T011525Z poll temp=58C throttle_active=0
20260428T011533Z poll temp=57C throttle_active=0
20260428T011538Z stop flag found; exiting
20260428T011540Z thermal_coordinator started parent_pid=11961 ceiling=70C poll=5s
20260428T011543Z poll temp=61C throttle_active=0
20260428T011550Z poll temp=64C throttle_active=0
20260428T011558Z poll temp=65C throttle_active=0
20260428T011606Z poll temp=65C throttle_active=0
20260428T011614Z poll temp=66C throttle_active=0
20260428T011622Z poll temp=67C throttle_active=0
20260428T011630Z poll temp=67C throttle_active=0
20260428T011638Z poll temp=68C throttle_active=0
20260428T011645Z poll temp=66C throttle_active=0
20260428T011652Z poll temp=67C throttle_active=0
20260428T011700Z poll temp=66C throttle_active=0
20260428T011707Z poll temp=64C throttle_active=0
20260428T011714Z poll temp=56C throttle_active=0
20260428T011719Z thermal_coordinator started parent_pid=20736 ceiling=70C poll=5s
20260428T011721Z poll temp=58C throttle_active=0
20260428T011728Z poll temp=61C throttle_active=0
20260428T011735Z poll temp=62C throttle_active=0
20260428T011743Z poll temp=64C throttle_active=0
20260428T011751Z poll temp=64C throttle_active=0
20260428T011757Z poll temp=63C throttle_active=0
20260428T011804Z poll temp=63C throttle_active=0
20260428T011811Z poll temp=61C throttle_active=0
20260428T011819Z poll temp=61C throttle_active=0
20260428T011826Z poll temp=61C throttle_active=0
20260428T011832Z poll temp=63C throttle_active=0
20260428T011839Z poll temp=62C throttle_active=0
20260428T011846Z poll temp=58C throttle_active=0
20260428T011852Z poll temp=61C throttle_active=0
20260428T011859Z poll temp=56C throttle_active=0
20260428T011905Z thermal_coordinator started parent_pid=30483 ceiling=70C poll=5s
20260428T011906Z poll temp=57C throttle_active=0
20260428T011912Z thermal_coordinator started parent_pid=31571 ceiling=70C poll=5s
20260428T011914Z poll temp=57C throttle_active=0
20260428T011921Z poll temp=60C throttle_active=0
20260428T011927Z thermal_coordinator started parent_pid=336 ceiling=70C poll=5s
20260428T011929Z poll temp=61C throttle_active=0
20260428T011936Z poll temp=62C throttle_active=0
20260428T011943Z poll temp=59C throttle_active=0
20260428T011949Z thermal_coordinator started parent_pid=5543 ceiling=70C poll=5s
20260428T011950Z poll temp=60C throttle_active=0
20260428T011956Z thermal_coordinator started parent_pid=7647 ceiling=70C poll=5s
20260428T011958Z poll temp=56C throttle_active=0
20260428T012005Z poll temp=59C throttle_active=0
20260428T012010Z thermal_coordinator started parent_pid=11324 ceiling=70C poll=5s
20260428T012012Z poll temp=57C throttle_active=0
20260428T012019Z poll temp=61C throttle_active=0
20260428T012024Z stop flag found; exiting
20260428T012026Z thermal_coordinator started parent_pid=12804 ceiling=70C poll=5s
20260428T012028Z poll temp=57C throttle_active=0
20260428T012035Z poll temp=63C throttle_active=0
20260428T012042Z poll temp=60C throttle_active=0
20260428T012049Z poll temp=50C throttle_active=0
20260428T012055Z thermal_coordinator started parent_pid=14785 ceiling=70C poll=5s
20260428T012057Z poll temp=57C throttle_active=0
20260428T012102Z thermal_coordinator started parent_pid=15686 ceiling=70C poll=5s
20260428T012104Z poll temp=56C throttle_active=0
20260428T012112Z poll temp=62C throttle_active=0
