KPI_K2_SCAR_WEIGHTS lessons=0 max_abs_delta=0.000000000e0 mean_abs_delta=0.000000000e0 changed_edges=0 total_edges=567
Lessons: 0, Max Scar Weight: 0.000000000e0
    Pattern Bhupura: Recall Error = 3.000000
    Pattern Lotus: Recall Error = 3.000000
KPI_K2 lesson=0 noise=0.100 avg_recall_err=3.000000 baseline_recall_err=3.000000 uplift=0.000000 scar_max=0.000000
    Pattern Bhupura: Recall Error = 3.000000
    Pattern Lotus: Recall Error = 3.000000
KPI_K2 lesson=0 noise=0.200 avg_recall_err=3.000000 baseline_recall_err=3.000000 uplift=0.000000 scar_max=0.000000
KPI_K2_LESSON lessons=0 eta=0.2000 duration_sec=2.783 evals_per_sec=0.719
KPI_K2_SCAR_WEIGHTS lessons=3 max_abs_delta=1.200000000e0 mean_abs_delta=1.200000000e0 changed_edges=567 total_edges=567
Lessons: 3, Max Scar Weight: 1.200000000e0
    Pattern Bhupura: Recall Error = 0.000000
    Pattern Lotus: Recall Error = 0.000000
KPI_K2 lesson=3 noise=0.100 avg_recall_err=0.000000 baseline_recall_err=3.000000 uplift=3.000000 scar_max=1.200000
    Pattern Bhupura: Recall Error = 0.000000
    Pattern Lotus: Recall Error = 0.000000
KPI_K2 lesson=3 noise=0.200 avg_recall_err=0.000000 baseline_recall_err=3.000000 uplift=3.000000 scar_max=1.200000
KPI_K2_LESSON lessons=3 eta=0.2000 duration_sec=3.490 evals_per_sec=0.573
KPI_K2_SUMMARY duration_sec=6.290 max_scar_weight=1.200000 best_uplift=3.000000
[K2] Written: artifacts/k2_summary.json
iter=1 k2_summary=a4f5762a3d65495dabe2db72c7aa84cfbe08edfaa5335f67a2d6da8af136b28d
KPI_K2_SCAR_WEIGHTS lessons=0 max_abs_delta=0.000000000e0 mean_abs_delta=0.000000000e0 changed_edges=0 total_edges=567
Lessons: 0, Max Scar Weight: 0.000000000e0
    Pattern Bhupura: Recall Error = 3.000000
    Pattern Lotus: Recall Error = 3.000000
KPI_K2 lesson=0 noise=0.100 avg_recall_err=3.000000 baseline_recall_err=3.000000 uplift=0.000000 scar_max=0.000000
    Pattern Bhupura: Recall Error = 3.000000
    Pattern Lotus: Recall Error = 3.000000
KPI_K2 lesson=0 noise=0.200 avg_recall_err=3.000000 baseline_recall_err=3.000000 uplift=0.000000 scar_max=0.000000
KPI_K2_LESSON lessons=0 eta=0.2000 duration_sec=2.389 evals_per_sec=0.837
KPI_K2_SCAR_WEIGHTS lessons=3 max_abs_delta=1.200000000e0 mean_abs_delta=1.200000000e0 changed_edges=567 total_edges=567
Lessons: 3, Max Scar Weight: 1.200000000e0
    Pattern Bhupura: Recall Error = 0.000000
    Pattern Lotus: Recall Error = 0.000000
KPI_K2 lesson=3 noise=0.100 avg_recall_err=0.000000 baseline_recall_err=3.000000 uplift=3.000000 scar_max=1.200000
    Pattern Bhupura: Recall Error = 0.000000
    Pattern Lotus: Recall Error = 0.000000
KPI_K2 lesson=3 noise=0.200 avg_recall_err=0.000000 baseline_recall_err=3.000000 uplift=3.000000 scar_max=1.200000
KPI_K2_LESSON lessons=3 eta=0.2000 duration_sec=3.419 evals_per_sec=0.585
KPI_K2_SUMMARY duration_sec=5.824 max_scar_weight=1.200000 best_uplift=3.000000
[K2] Written: artifacts/k2_summary.json
iter=2 k2_summary=a4f5762a3d65495dabe2db72c7aa84cfbe08edfaa5335f67a2d6da8af136b28d
KPI_K2_SCAR_WEIGHTS lessons=0 max_abs_delta=0.000000000e0 mean_abs_delta=0.000000000e0 changed_edges=0 total_edges=567
Lessons: 0, Max Scar Weight: 0.000000000e0
    Pattern Bhupura: Recall Error = 3.000000
    Pattern Lotus: Recall Error = 3.000000
KPI_K2 lesson=0 noise=0.100 avg_recall_err=3.000000 baseline_recall_err=3.000000 uplift=0.000000 scar_max=0.000000
    Pattern Bhupura: Recall Error = 3.000000
    Pattern Lotus: Recall Error = 3.000000
KPI_K2 lesson=0 noise=0.200 avg_recall_err=3.000000 baseline_recall_err=3.000000 uplift=0.000000 scar_max=0.000000
KPI_K2_LESSON lessons=0 eta=0.2000 duration_sec=2.964 evals_per_sec=0.675
KPI_K2_SCAR_WEIGHTS lessons=3 max_abs_delta=1.200000000e0 mean_abs_delta=1.200000000e0 changed_edges=567 total_edges=567
Lessons: 3, Max Scar Weight: 1.200000000e0
    Pattern Bhupura: Recall Error = 0.000000
    Pattern Lotus: Recall Error = 0.000000
KPI_K2 lesson=3 noise=0.100 avg_recall_err=0.000000 baseline_recall_err=3.000000 uplift=3.000000 scar_max=1.200000
    Pattern Bhupura: Recall Error = 0.000000
    Pattern Lotus: Recall Error = 0.000000
KPI_K2 lesson=3 noise=0.200 avg_recall_err=0.000000 baseline_recall_err=3.000000 uplift=3.000000 scar_max=1.200000
KPI_K2_LESSON lessons=3 eta=0.2000 duration_sec=3.595 evals_per_sec=0.556
KPI_K2_SUMMARY duration_sec=6.576 max_scar_weight=1.200000 best_uplift=3.000000
[K2] Written: artifacts/k2_summary.json
iter=3 k2_summary=a4f5762a3d65495dabe2db72c7aa84cfbe08edfaa5335f67a2d6da8af136b28d
