KPI_K2_SCAR_WEIGHTS lessons=0 max_abs_delta=0.000000000e0 mean_abs_delta=0.000000000e0 changed_edges=0 total_edges=567
Lessons: 0, Max Scar Weight: 0.000000000e0
    Pattern Bhupura: Recall Error = 3.000000
    Pattern Lotus: Recall Error = 3.000000
KPI_K2 lesson=0 noise=0.100 avg_recall_err=3.000000 baseline_recall_err=3.000000 uplift=0.000000 scar_max=0.000000
    Pattern Bhupura: Recall Error = 3.000000
    Pattern Lotus: Recall Error = 3.000000
KPI_K2 lesson=0 noise=0.200 avg_recall_err=3.000000 baseline_recall_err=3.000000 uplift=0.000000 scar_max=0.000000
KPI_K2_LESSON lessons=0 eta=0.2000 duration_sec=4.939 evals_per_sec=0.405
KPI_K2_SCAR_WEIGHTS lessons=3 max_abs_delta=1.200000000e0 mean_abs_delta=1.200000000e0 changed_edges=567 total_edges=567
Lessons: 3, Max Scar Weight: 1.200000000e0
    Pattern Bhupura: Recall Error = 0.000000
    Pattern Lotus: Recall Error = 0.000000
KPI_K2 lesson=3 noise=0.100 avg_recall_err=0.000000 baseline_recall_err=3.000000 uplift=3.000000 scar_max=1.200000
    Pattern Bhupura: Recall Error = 0.000000
    Pattern Lotus: Recall Error = 0.000000
KPI_K2 lesson=3 noise=0.200 avg_recall_err=0.000000 baseline_recall_err=3.000000 uplift=3.000000 scar_max=1.200000
KPI_K2_LESSON lessons=3 eta=0.2000 duration_sec=6.958 evals_per_sec=0.287
KPI_K2_SUMMARY duration_sec=11.914 max_scar_weight=1.200000 best_uplift=3.000000
[K2] Written: artifacts/k2_summary.json
iter=1 k2_summary=c5602a4b0400b940214503fa3790fde1c8e169a41d3e9cce896dfa255fa99e84
KPI_K2_SCAR_WEIGHTS lessons=0 max_abs_delta=0.000000000e0 mean_abs_delta=0.000000000e0 changed_edges=0 total_edges=567
Lessons: 0, Max Scar Weight: 0.000000000e0
    Pattern Bhupura: Recall Error = 3.000000
    Pattern Lotus: Recall Error = 3.000000
KPI_K2 lesson=0 noise=0.100 avg_recall_err=3.000000 baseline_recall_err=3.000000 uplift=0.000000 scar_max=0.000000
    Pattern Bhupura: Recall Error = 3.000000
    Pattern Lotus: Recall Error = 3.000000
KPI_K2 lesson=0 noise=0.200 avg_recall_err=3.000000 baseline_recall_err=3.000000 uplift=0.000000 scar_max=0.000000
KPI_K2_LESSON lessons=0 eta=0.2000 duration_sec=4.820 evals_per_sec=0.415
KPI_K2_SCAR_WEIGHTS lessons=3 max_abs_delta=1.200000000e0 mean_abs_delta=1.200000000e0 changed_edges=567 total_edges=567
Lessons: 3, Max Scar Weight: 1.200000000e0
    Pattern Bhupura: Recall Error = 0.000000
    Pattern Lotus: Recall Error = 0.000000
KPI_K2 lesson=3 noise=0.100 avg_recall_err=0.000000 baseline_recall_err=3.000000 uplift=3.000000 scar_max=1.200000
    Pattern Bhupura: Recall Error = 0.000000
    Pattern Lotus: Recall Error = 0.000000
KPI_K2 lesson=3 noise=0.200 avg_recall_err=0.000000 baseline_recall_err=3.000000 uplift=3.000000 scar_max=1.200000
KPI_K2_LESSON lessons=3 eta=0.2000 duration_sec=6.470 evals_per_sec=0.309
KPI_K2_SUMMARY duration_sec=11.306 max_scar_weight=1.200000 best_uplift=3.000000
[K2] Written: artifacts/k2_summary.json
iter=2 k2_summary=c5602a4b0400b940214503fa3790fde1c8e169a41d3e9cce896dfa255fa99e84
KPI_K2_SCAR_WEIGHTS lessons=0 max_abs_delta=0.000000000e0 mean_abs_delta=0.000000000e0 changed_edges=0 total_edges=567
Lessons: 0, Max Scar Weight: 0.000000000e0
    Pattern Bhupura: Recall Error = 3.000000
    Pattern Lotus: Recall Error = 3.000000
KPI_K2 lesson=0 noise=0.100 avg_recall_err=3.000000 baseline_recall_err=3.000000 uplift=0.000000 scar_max=0.000000
    Pattern Bhupura: Recall Error = 3.000000
    Pattern Lotus: Recall Error = 3.000000
KPI_K2 lesson=0 noise=0.200 avg_recall_err=3.000000 baseline_recall_err=3.000000 uplift=0.000000 scar_max=0.000000
KPI_K2_LESSON lessons=0 eta=0.2000 duration_sec=4.826 evals_per_sec=0.414
KPI_K2_SCAR_WEIGHTS lessons=3 max_abs_delta=1.200000000e0 mean_abs_delta=1.200000000e0 changed_edges=567 total_edges=567
Lessons: 3, Max Scar Weight: 1.200000000e0
    Pattern Bhupura: Recall Error = 0.000000
    Pattern Lotus: Recall Error = 0.000000
KPI_K2 lesson=3 noise=0.100 avg_recall_err=0.000000 baseline_recall_err=3.000000 uplift=3.000000 scar_max=1.200000
    Pattern Bhupura: Recall Error = 0.000000
    Pattern Lotus: Recall Error = 0.000000
KPI_K2 lesson=3 noise=0.200 avg_recall_err=0.000000 baseline_recall_err=3.000000 uplift=3.000000 scar_max=1.200000
KPI_K2_LESSON lessons=3 eta=0.2000 duration_sec=6.743 evals_per_sec=0.297
KPI_K2_SUMMARY duration_sec=11.585 max_scar_weight=1.200000 best_uplift=3.000000
[K2] Written: artifacts/k2_summary.json
iter=3 k2_summary=c5602a4b0400b940214503fa3790fde1c8e169a41d3e9cce896dfa255fa99e84
